#
# A fatal error has been detected by the Java Runtime Environment:
#
#  SIGBUS (0xa) at pc=0x00000001a8d0ca3d, pid=24191, tid=53815
#
# JRE version: Java(TM) SE Runtime Environment (8.0_91-b14) (build 1.8.0_91-b14)
# Java VM: Java HotSpot(TM) 64-Bit Server VM (25.91-b14 mixed mode bsd-amd64 compressed oops)
# Problematic frame:
# C  [libjblas.dylib+0x2cfa3d]  ATL_zJIK32x32x32NN0x0x0_a1_b0+0x4bd
#
# Failed to write core dump. Core dumps have been disabled. To enable core dumping, try "ulimit -c unlimited" before starting Java again
#
# If you would like to submit a bug report, please visit:
#   http://bugreport.java.com/bugreport/crash.jsp
# The crash happened outside the Java Virtual Machine in native code.
# See problematic frame for where to report the bug.
#

---------------  T H R E A D  ---------------

Current thread (0x00007f9f1f2c3800):  JavaThread "Thread-0" [_thread_in_native, id=53815, stack(0x000070000bcb5000,0x000070000bdb5000)]

siginfo: si_signo: 10 (SIGBUS), si_code: 2 (BUS_ADRERR), si_addr: 0x00000001131a7000

Registers:
RAX=0x00000001ad2b8008, RBX=0x00000001131a7000, RCX=0x00000001ab2b8188, RDX=0x00000001adeb8008
RSP=0x000070000bdb3d78, RBP=0x00000001ad2b8008, RSI=0x0000000000000200, RDI=0x00000001ac2b8008
R8 =0x0000000000300000, R9 =0x00000001adeb8008, R10=0x0000000000020000, R11=0xffffffffffc00018
R12=0x0000000002000000, R13=0x00000001131a7000, R14=0x0000000000200000, R15=0x0000000000400000
RIP=0x00000001a8d0ca3d, EFLAGS=0x0000000000010246, ERR=0x0000000000000006
  TRAPNO=0x000000000000000e

Top of Stack: (sp=0x000070000bdb3d78)
0x000070000bdb3d78:   00000001131a7008 00000001ab2b8008
0x000070000bdb3d88:   00000001adeb8000 00000001131a7000
0x000070000bdb3d98:   00000001ab2b8000 00000001adeb8008
0x000070000bdb3da8:   00000001a8ea197f 000000000000002c
0x000070000bdb3db8:   00000001131a7000 00007f9f00010000
0x000070000bdb3dc8:   000070000bdb4008 000070000bdb40b0
0x000070000bdb3dd8:   00007f9f1f2c3800 00007f9f1f2c3800
0x000070000bdb3de8:   00007f9f2a046370 0000000000200000
0x000070000bdb3df8:   0000080000010000 000070000bdb42e0
0x000070000bdb3e08:   000100000a8848ab 0000000000010000
0x000070000bdb3e18:   000100000a884aa9 0000006f00000800
0x000070000bdb3e28:   0000006f00000001 0000000000000800
0x000070000bdb3e38:   0000000000100000 000008000001001f
0x000070000bdb3e48:   00000000003e0000 fffffffffffe0000
0x000070000bdb3e58:   0000000000000b00 00000001132a7000
0x000070000bdb3e68:   000000000a93489a 0000000000000000
0x000070000bdb3e78:   0200000000000000 0000020000000000
0x000070000bdb3e88:   0000020000000200 0200000002000000
0x000070000bdb3e98:   0000000000400001 0000000000000041
0x000070000bdb3ea8:   000000010000000c 00007f9f0000004b
0x000070000bdb3eb8:   0000000000000800 ffffffffffffffc0
0x000070000bdb3ec8:   ffffffffffc00040 0000000000000040
0x000070000bdb3ed8:   000000010a5699d5 0000000000400000
0x000070000bdb3ee8:   00000001a8d0c580 00000001a8d0c580
0x000070000bdb3ef8:   00000007c0231ad0 000070000bdb3f50
0x000070000bdb3f08:   000000200a641fd1 0000000000000000
0x000070000bdb3f18:   0000000000000000 0000002c3698aac0
0x000070000bdb3f28:   00000001a8d0bd80 000000000bdb3f50
0x000070000bdb3f38:   00000001a8d0d840 00000001a8d0e190
0x000070000bdb3f48:   0000000000000200 0000000002000000
0x000070000bdb3f58:   00000001a8d0d840 00000001a8d0e190
0x000070000bdb3f68:   0000000c3698b100 00000001a8d0adb0 

Instructions: (pc=0x00000001a8d0ca3d)
0x00000001a8d0ca1d:   e2 f2 46 0f 59 2c 00 f2 45 0f 58 ec 4c 01 f8 48
0x00000001a8d0ca2d:   83 c6 40 48 81 fe 00 02 00 00 0f 85 83 fc ff ff
0x00000001a8d0ca3d:   f2 45 0f 11 6d 00 f2 45 0f 11 4d 10 f2 45 0f 11
0x00000001a8d0ca4d:   45 20 f2 41 0f 11 7d 30 f2 41 0f 11 75 40 f2 41 

Register to memory mapping:

RAX=0x00000001ad2b8008 is an unknown value
RBX=0x00000001131a7000 is an unknown value
RCX=0x00000001ab2b8188 is an unknown value
RDX=0x00000001adeb8008 is an unknown value
RSP=0x000070000bdb3d78 is pointing into the stack for thread: 0x00007f9f1f2c3800
RBP=0x00000001ad2b8008 is an unknown value
RSI=0x0000000000000200 is an unknown value
RDI=0x00000001ac2b8008 is an unknown value
R8 =0x0000000000300000 is an unknown value
R9 =0x00000001adeb8008 is an unknown value
R10=0x0000000000020000 is an unknown value
R11=0xffffffffffc00018 is an unknown value
R12=0x0000000002000000 is an unknown value
R13=0x00000001131a7000 is an unknown value
R14=0x0000000000200000 is an unknown value
R15=0x0000000000400000 is an unknown value


Stack: [0x000070000bcb5000,0x000070000bdb5000],  sp=0x000070000bdb3d78,  free space=1019k
Native frames: (J=compiled Java code, j=interpreted, Vv=VM code, C=native code)
C  [libjblas.dylib+0x2cfa3d]  ATL_zJIK32x32x32NN0x0x0_a1_b0+0x4bd

Java frames: (J=compiled Java code, j=interpreted, Vv=VM code)
j  org.jblas.NativeBlas.zgemm(CCIIILorg/jblas/ComplexDouble;[DII[DIILorg/jblas/ComplexDouble;[DII)V+0
j  org.jblas.SimpleBlas.gemm(Lorg/jblas/ComplexDouble;Lorg/jblas/ComplexDoubleMatrix;Lorg/jblas/ComplexDoubleMatrix;Lorg/jblas/ComplexDouble;Lorg/jblas/ComplexDoubleMatrix;)Lorg/jblas/ComplexDoubleMatrix;+49
j  org.jblas.ComplexDoubleMatrix.mmuli(Lorg/jblas/ComplexDoubleMatrix;Lorg/jblas/ComplexDoubleMatrix;)Lorg/jblas/ComplexDoubleMatrix;+136
j  com.hijizhou.cores.deconvolution.MW_PURE_LET2D.doDeconvolution()Z+948
j  com.hijizhou.imagej.PureLetDeconv2D.runRun()V+301
j  com.hijizhou.imagej.PureLetDeconv2D$3.run()V+4
j  java.lang.Thread.run()V+11
v  ~StubRoutines::call_stub

---------------  P R O C E S S  ---------------

Java Threads: ( => current thread )
  0x00007f9f2546b000 JavaThread "pool-2-thread-51" [_thread_blocked, id=175875, stack(0x0000700015b8c000,0x0000700015c8c000)]
  0x00007f9f228c1000 JavaThread "pool-2-thread-50" [_thread_blocked, id=216835, stack(0x0000700015a89000,0x0000700015b89000)]
  0x00007f9f21169000 JavaThread "pool-2-thread-49" [_thread_blocked, id=217347, stack(0x0000700015986000,0x0000700015a86000)]
  0x00007f9f24009000 JavaThread "pool-2-thread-48" [_thread_blocked, id=175107, stack(0x0000700015883000,0x0000700015983000)]
  0x00007f9f228c4000 JavaThread "pool-2-thread-47" [_thread_blocked, id=217867, stack(0x0000700015780000,0x0000700015880000)]
  0x00007f9f21a1a800 JavaThread "pool-1-thread-93" daemon [_thread_blocked, id=218115, stack(0x000070001567d000,0x000070001577d000)]
  0x00007f9f2005e800 JavaThread "pool-1-thread-94" daemon [_thread_blocked, id=150787, stack(0x000070001557a000,0x000070001567a000)]
  0x00007f9f23810800 JavaThread "pool-1-thread-92" daemon [_thread_blocked, id=150531, stack(0x0000700015477000,0x0000700015577000)]
  0x00007f9f21bc4800 JavaThread "pool-1-thread-91" daemon [_thread_blocked, id=150275, stack(0x0000700015374000,0x0000700015474000)]
  0x00007f9f22679000 JavaThread "pool-1-thread-90" daemon [_thread_blocked, id=149763, stack(0x0000700015271000,0x0000700015371000)]
  0x00007f9f21bc2800 JavaThread "pool-1-thread-89" daemon [_thread_blocked, id=151555, stack(0x000070001516e000,0x000070001526e000)]
  0x00007f9f2329b800 JavaThread "pool-1-thread-88" daemon [_thread_blocked, id=151811, stack(0x000070001506b000,0x000070001516b000)]
  0x00007f9f22119000 JavaThread "pool-1-thread-87" daemon [_thread_blocked, id=148995, stack(0x0000700014f68000,0x0000700015068000)]
  0x00007f9f20055800 JavaThread "pool-1-thread-86" daemon [_thread_blocked, id=152323, stack(0x0000700014e65000,0x0000700014f65000)]
  0x00007f9f1f098000 JavaThread "pool-1-thread-85" daemon [_thread_blocked, id=148227, stack(0x0000700014d62000,0x0000700014e62000)]
  0x00007f9f23291800 JavaThread "pool-1-thread-81" daemon [_thread_blocked, id=152579, stack(0x0000700014c5f000,0x0000700014d5f000)]
  0x00007f9f2114f800 JavaThread "pool-1-thread-82" daemon [_thread_blocked, id=153091, stack(0x0000700014b5c000,0x0000700014c5c000)]
  0x00007f9f254d2000 JavaThread "pool-1-thread-84" daemon [_thread_blocked, id=147715, stack(0x0000700014a59000,0x0000700014b59000)]
  0x00007f9f2402f800 JavaThread "pool-1-thread-83" daemon [_thread_blocked, id=147203, stack(0x0000700014956000,0x0000700014a56000)]
  0x00007f9f20057000 JavaThread "pool-1-thread-80" daemon [_thread_blocked, id=146691, stack(0x0000700014853000,0x0000700014953000)]
  0x00007f9f20060800 JavaThread "pool-1-thread-79" daemon [_thread_blocked, id=146435, stack(0x0000700014750000,0x0000700014850000)]
  0x00007f9f1f2a4800 JavaThread "pool-1-thread-78" daemon [_thread_blocked, id=153859, stack(0x000070001464d000,0x000070001474d000)]
  0x00007f9f1f091000 JavaThread "pool-1-thread-77" daemon [_thread_blocked, id=154115, stack(0x000070001454a000,0x000070001464a000)]
  0x00007f9f22449000 JavaThread "pool-1-thread-76" daemon [_thread_blocked, id=154627, stack(0x0000700014447000,0x0000700014547000)]
  0x00007f9f21143000 JavaThread "pool-1-thread-75" daemon [_thread_blocked, id=154883, stack(0x0000700014344000,0x0000700014444000)]
  0x00007f9f2329c000 JavaThread "pool-1-thread-73" daemon [_thread_blocked, id=155139, stack(0x0000700014241000,0x0000700014341000)]
  0x00007f9f254de000 JavaThread "pool-1-thread-74" daemon [_thread_blocked, id=155651, stack(0x000070001413e000,0x000070001423e000)]
  0x00007f9f2005b800 JavaThread "pool-1-thread-71" daemon [_thread_blocked, id=155907, stack(0x000070001403b000,0x000070001413b000)]
  0x00007f9f21165800 JavaThread "pool-1-thread-72" daemon [_thread_blocked, id=144899, stack(0x0000700013f38000,0x0000700014038000)]
  0x00007f9f21165000 JavaThread "pool-1-thread-69" daemon [_thread_blocked, id=144643, stack(0x0000700013e35000,0x0000700013f35000)]
  0x00007f9f2400a000 JavaThread "pool-1-thread-68" daemon [_thread_blocked, id=156931, stack(0x0000700013d32000,0x0000700013e32000)]
  0x00007f9f20056000 JavaThread "pool-1-thread-67" daemon [_thread_blocked, id=157187, stack(0x0000700013c2f000,0x0000700013d2f000)]
  0x00007f9f219f2800 JavaThread "pool-1-thread-70" daemon [_thread_blocked, id=157443, stack(0x0000700013b2c000,0x0000700013c2c000)]
  0x00007f9f2402c000 JavaThread "pool-1-thread-66" daemon [_thread_blocked, id=157955, stack(0x0000700013a29000,0x0000700013b29000)]
  0x00007f9f20064000 JavaThread "pool-1-thread-65" daemon [_thread_blocked, id=158211, stack(0x0000700013926000,0x0000700013a26000)]
  0x00007f9f2402a800 JavaThread "pool-1-thread-64" daemon [_thread_blocked, id=158723, stack(0x0000700013823000,0x0000700013923000)]
  0x00007f9f1f82e000 JavaThread "pool-1-thread-63" daemon [_thread_blocked, id=143619, stack(0x0000700013720000,0x0000700013820000)]
  0x00007f9f20061800 JavaThread "pool-1-thread-62" daemon [_thread_blocked, id=143107, stack(0x000070001361d000,0x000070001371d000)]
  0x00007f9f228c5000 JavaThread "pool-1-thread-61" daemon [_thread_blocked, id=142851, stack(0x000070001351a000,0x000070001361a000)]
  0x00007f9f24028000 JavaThread "pool-1-thread-60" daemon [_thread_blocked, id=142595, stack(0x0000700013417000,0x0000700013517000)]
  0x00007f9f1f080000 JavaThread "pool-1-thread-59" daemon [_thread_blocked, id=142083, stack(0x0000700013314000,0x0000700013414000)]
  0x00007f9f1f82b800 JavaThread "pool-1-thread-58" daemon [_thread_blocked, id=141571, stack(0x0000700013211000,0x0000700013311000)]
  0x00007f9f1f2a5800 JavaThread "pool-1-thread-57" daemon [_thread_blocked, id=141059, stack(0x000070001310e000,0x000070001320e000)]
  0x00007f9f228af800 JavaThread "pool-2-thread-46" [_thread_blocked, id=159747, stack(0x000070001300b000,0x000070001310b000)]
  0x00007f9f228af000 JavaThread "pool-2-thread-45" [_thread_blocked, id=140291, stack(0x0000700012f08000,0x0000700013008000)]
  0x00007f9f219f2000 JavaThread "pool-2-thread-44" [_thread_blocked, id=160259, stack(0x0000700012e05000,0x0000700012f05000)]
  0x00007f9f228ae000 JavaThread "pool-2-thread-43" [_thread_blocked, id=139779, stack(0x0000700012d02000,0x0000700012e02000)]
  0x00007f9f1f07f800 JavaThread "pool-1-thread-51" daemon [_thread_blocked, id=160771, stack(0x0000700012bff000,0x0000700012cff000)]
  0x00007f9f22031000 JavaThread "pool-1-thread-53" daemon [_thread_blocked, id=161283, stack(0x0000700012afc000,0x0000700012bfc000)]
  0x00007f9f2194f000 JavaThread "pool-1-thread-54" daemon [_thread_blocked, id=161795, stack(0x00007000129f9000,0x0000700012af9000)]
  0x00007f9f1f07e800 JavaThread "pool-1-thread-55" daemon [_thread_blocked, id=139523, stack(0x00007000128f6000,0x00007000129f6000)]
  0x00007f9f22030000 JavaThread "pool-1-thread-56" daemon [_thread_blocked, id=162563, stack(0x00007000127f3000,0x00007000128f3000)]
  0x00007f9f2208c000 JavaThread "pool-1-thread-52" daemon [_thread_blocked, id=139011, stack(0x00007000126f0000,0x00007000127f0000)]
  0x00007f9f25514000 JavaThread "pool-1-thread-50" daemon [_thread_blocked, id=162819, stack(0x00007000125ed000,0x00007000126ed000)]
  0x00007f9f2317b800 JavaThread "pool-2-thread-42" [_thread_blocked, id=163075, stack(0x00007000124ea000,0x00007000125ea000)]
  0x00007f9f21b28000 JavaThread "pool-2-thread-41" [_thread_blocked, id=163331, stack(0x00007000123e7000,0x00007000124e7000)]
  0x00007f9f2317a800 JavaThread "pool-2-thread-40" [_thread_blocked, id=163587, stack(0x00007000122e4000,0x00007000123e4000)]
  0x00007f9f1f07e000 JavaThread "pool-2-thread-39" [_thread_blocked, id=137731, stack(0x00007000121e1000,0x00007000122e1000)]
  0x00007f9f1f2b8000 JavaThread "pool-2-thread-38" [_thread_blocked, id=164355, stack(0x00007000120de000,0x00007000121de000)]
  0x00007f9f1f2b7000 JavaThread "pool-2-thread-37" [_thread_blocked, id=137219, stack(0x0000700011fdb000,0x00007000120db000)]
  0x00007f9f1f2b6800 JavaThread "pool-2-thread-36" [_thread_blocked, id=164611, stack(0x0000700011ed8000,0x0000700011fd8000)]
  0x00007f9f1f2b5800 JavaThread "pool-2-thread-35" [_thread_blocked, id=165123, stack(0x0000700011dd5000,0x0000700011ed5000)]
  0x00007f9f1f2b5000 JavaThread "pool-2-thread-34" [_thread_blocked, id=165635, stack(0x0000700011cd2000,0x0000700011dd2000)]
  0x00007f9f22112000 JavaThread "pool-1-thread-49" daemon [_thread_blocked, id=136451, stack(0x0000700011bcf000,0x0000700011ccf000)]
  0x00007f9f22111000 JavaThread "pool-1-thread-48" daemon [_thread_blocked, id=165891, stack(0x0000700011acc000,0x0000700011bcc000)]
  0x00007f9f21163800 JavaThread "pool-1-thread-47" daemon [_thread_blocked, id=166147, stack(0x00007000119c9000,0x0000700011ac9000)]
  0x00007f9f2483d800 JavaThread "pool-1-thread-46" daemon [_thread_blocked, id=166659, stack(0x00007000118c6000,0x00007000119c6000)]
  0x00007f9f24032800 JavaThread "pool-2-thread-33" [_thread_blocked, id=135683, stack(0x00007000117c3000,0x00007000118c3000)]
  0x00007f9f2380c000 JavaThread "pool-2-thread-32" [_thread_blocked, id=167171, stack(0x00007000116c0000,0x00007000117c0000)]
  0x00007f9f20044000 JavaThread "pool-2-thread-30" [_thread_blocked, id=167683, stack(0x00007000115bd000,0x00007000116bd000)]
  0x00007f9f2318c000 JavaThread "pool-2-thread-31" [_thread_blocked, id=167939, stack(0x00007000114ba000,0x00007000115ba000)]
  0x00007f9f1f822000 JavaThread "pool-2-thread-28" [_thread_blocked, id=168451, stack(0x00007000113b7000,0x00007000114b7000)]
  0x00007f9f20043800 JavaThread "pool-2-thread-29" [_thread_blocked, id=168963, stack(0x00007000112b4000,0x00007000113b4000)]
  0x00007f9f2318b800 JavaThread "pool-2-thread-27" [_thread_blocked, id=134915, stack(0x00007000111b1000,0x00007000112b1000)]
  0x00007f9f20042800 JavaThread "pool-1-thread-45" daemon [_thread_blocked, id=134403, stack(0x00007000110ae000,0x00007000111ae000)]
  0x00007f9f2318a800 JavaThread "pool-1-thread-44" daemon [_thread_blocked, id=169475, stack(0x0000700010fab000,0x00007000110ab000)]
  0x00007f9f1f2b4000 JavaThread "pool-1-thread-43" daemon [_thread_blocked, id=169987, stack(0x0000700010ea8000,0x0000700010fa8000)]
  0x00007f9f1f2b3800 JavaThread "pool-1-thread-42" daemon [_thread_blocked, id=170499, stack(0x0000700010da5000,0x0000700010ea5000)]
  0x00007f9f2380b800 JavaThread "pool-2-thread-26" [_thread_blocked, id=170755, stack(0x0000700010ca2000,0x0000700010da2000)]
  0x00007f9f22809000 JavaThread "pool-2-thread-25" [_thread_blocked, id=133379, stack(0x0000700010b9f000,0x0000700010c9f000)]
  0x00007f9f24032000 JavaThread "pool-2-thread-24" [_thread_blocked, id=171267, stack(0x0000700010a9c000,0x0000700010b9c000)]
  0x00007f9f2380a800 JavaThread "pool-2-thread-23" [_thread_blocked, id=132867, stack(0x0000700010999000,0x0000700010a99000)]
  0x00007f9f24822000 JavaThread "pool-2-thread-22" [_thread_blocked, id=171523, stack(0x0000700010896000,0x0000700010996000)]
  0x00007f9f20042000 JavaThread "pool-2-thread-20" [_thread_blocked, id=172035, stack(0x0000700010793000,0x0000700010893000)]
  0x00007f9f22808000 JavaThread "pool-2-thread-21" [_thread_blocked, id=172547, stack(0x0000700010690000,0x0000700010790000)]
  0x00007f9f21162800 JavaThread "pool-2-thread-18" [_thread_blocked, id=172803, stack(0x000070001058d000,0x000070001068d000)]
  0x00007f9f254d7800 JavaThread "pool-2-thread-19" [_thread_blocked, id=173315, stack(0x000070001048a000,0x000070001058a000)]
  0x00007f9f2318a000 JavaThread "pool-2-thread-17" [_thread_blocked, id=173571, stack(0x0000700010387000,0x0000700010487000)]
  0x00007f9f24821000 JavaThread "pool-2-thread-16" [_thread_blocked, id=131843, stack(0x0000700010284000,0x0000700010384000)]
  0x00007f9f23287800 JavaThread "pool-1-thread-41" daemon [_thread_blocked, id=174083, stack(0x0000700010181000,0x0000700010281000)]
  0x00007f9f21162000 JavaThread "pool-1-thread-40" daemon [_thread_blocked, id=174339, stack(0x000070001007e000,0x000070001017e000)]
  0x00007f9f254d7000 JavaThread "pool-2-thread-15" [_thread_blocked, id=109827, stack(0x000070000ff7b000,0x000070001007b000)]
  0x00007f9f20041000 JavaThread "pool-2-thread-14" [_thread_blocked, id=109315, stack(0x000070000fe78000,0x000070000ff78000)]
  0x00007f9f24031000 JavaThread "pool-2-thread-13" [_thread_blocked, id=109059, stack(0x000070000fd75000,0x000070000fe75000)]
  0x00007f9f24820800 JavaThread "pool-1-thread-38" daemon [_thread_blocked, id=110595, stack(0x000070000fc72000,0x000070000fd72000)]
  0x00007f9f2481f800 JavaThread "pool-1-thread-39" daemon [_thread_blocked, id=111107, stack(0x000070000fb6f000,0x000070000fc6f000)]
  0x00007f9f23808000 JavaThread "pool-1-thread-37" daemon [_thread_blocked, id=108547, stack(0x000070000fa6c000,0x000070000fb6c000)]
  0x00007f9f22807800 JavaThread "pool-1-thread-36" daemon [_thread_blocked, id=108291, stack(0x000070000f969000,0x000070000fa69000)]
  0x00007f9f1f2b2800 JavaThread "pool-1-thread-35" daemon [_thread_blocked, id=107779, stack(0x000070000f866000,0x000070000f966000)]
  0x00007f9f1f821800 JavaThread "pool-1-thread-34" daemon [_thread_blocked, id=111619, stack(0x000070000f763000,0x000070000f863000)]
  0x00007f9f1f2b2000 JavaThread "pool-1-thread-25" daemon [_thread_blocked, id=107011, stack(0x000070000f660000,0x000070000f760000)]
  0x00007f9f20040800 JavaThread "pool-1-thread-23" daemon [_thread_blocked, id=112131, stack(0x000070000f55d000,0x000070000f65d000)]
  0x00007f9f1f2b1000 JavaThread "pool-1-thread-18" daemon [_thread_blocked, id=112643, stack(0x000070000f45a000,0x000070000f55a000)]
  0x00007f9f2211a000 JavaThread "pool-1-thread-21" daemon [_thread_blocked, id=113155, stack(0x000070000f357000,0x000070000f457000)]
  0x00007f9f1f07a800 JavaThread "pool-1-thread-27" daemon [_thread_blocked, id=113411, stack(0x000070000f254000,0x000070000f354000)]
  0x00007f9f254d6000 JavaThread "pool-1-thread-31" daemon [_thread_blocked, id=113923, stack(0x000070000f151000,0x000070000f251000)]
  0x00007f9f250ef000 JavaThread "pool-1-thread-33" daemon [_thread_blocked, id=114435, stack(0x000070000f04e000,0x000070000f14e000)]
  0x00007f9f1f80f800 JavaThread "pool-1-thread-32" daemon [_thread_blocked, id=106499, stack(0x000070000ef4b000,0x000070000f04b000)]
  0x00007f9f22118800 JavaThread "pool-1-thread-30" daemon [_thread_blocked, id=114947, stack(0x000070000ee48000,0x000070000ef48000)]
  0x00007f9f1f80e800 JavaThread "pool-1-thread-29" daemon [_thread_blocked, id=115203, stack(0x000070000ed45000,0x000070000ee45000)]
  0x00007f9f2002d000 JavaThread "pool-1-thread-28" daemon [_thread_blocked, id=105731, stack(0x000070000ec42000,0x000070000ed42000)]
  0x00007f9f23808800 JavaThread "pool-1-thread-26" daemon [_thread_blocked, id=105219, stack(0x000070000eb3f000,0x000070000ec3f000)]
  0x00007f9f254d3800 JavaThread "pool-1-thread-24" daemon [_thread_blocked, id=115715, stack(0x000070000ea3c000,0x000070000eb3c000)]
  0x00007f9f1f80e000 JavaThread "pool-1-thread-22" daemon [_thread_blocked, id=116227, stack(0x000070000e939000,0x000070000ea39000)]
  0x00007f9f1f07d000 JavaThread "pool-1-thread-20" daemon [_thread_blocked, id=116483, stack(0x000070000e836000,0x000070000e936000)]
  0x00007f9f23286800 JavaThread "pool-1-thread-19" daemon [_thread_blocked, id=104195, stack(0x000070000e733000,0x000070000e833000)]
  0x00007f9f22680800 JavaThread "pool-1-thread-17" daemon [_thread_blocked, id=103683, stack(0x000070000e630000,0x000070000e730000)]
  0x00007f9f24030800 JavaThread "pool-1-thread-16" daemon [_thread_blocked, id=103171, stack(0x000070000e52d000,0x000070000e62d000)]
  0x00007f9f21bbb800 JavaThread "pool-1-thread-15" daemon [_thread_blocked, id=116995, stack(0x000070000e42a000,0x000070000e52a000)]
  0x00007f9f2195a800 JavaThread "pool-1-thread-14" daemon [_thread_blocked, id=117507, stack(0x000070000e327000,0x000070000e427000)]
  0x00007f9f1f07c800 JavaThread "pool-1-thread-13" daemon [_thread_blocked, id=102659, stack(0x000070000e224000,0x000070000e324000)]
  0x00007f9f1f820800 JavaThread "pool-2-thread-12" [_thread_blocked, id=99075, stack(0x000070000d4fd000,0x000070000d5fd000)]
  0x00007f9f2538e000 JavaThread "pool-2-thread-11" [_thread_blocked, id=120835, stack(0x000070000d3fa000,0x000070000d4fa000)]
  0x00007f9f2538d000 JavaThread "pool-2-thread-10" [_thread_blocked, id=121347, stack(0x000070000d2f7000,0x000070000d3f7000)]
  0x00007f9f2538c800 JavaThread "pool-2-thread-9" [_thread_blocked, id=121603, stack(0x000070000d1f4000,0x000070000d2f4000)]
  0x00007f9f2538b800 JavaThread "pool-2-thread-8" [_thread_blocked, id=98307, stack(0x000070000d0f1000,0x000070000d1f1000)]
  0x00007f9f2538b000 JavaThread "pool-2-thread-7" [_thread_blocked, id=122371, stack(0x000070000cfee000,0x000070000d0ee000)]
  0x00007f9f2538a000 JavaThread "pool-2-thread-6" [_thread_blocked, id=97795, stack(0x000070000ceeb000,0x000070000cfeb000)]
  0x00007f9f223fb800 JavaThread "pool-2-thread-5" [_thread_blocked, id=97539, stack(0x000070000cde8000,0x000070000cee8000)]
  0x00007f9f22109000 JavaThread "pool-2-thread-4" [_thread_blocked, id=123139, stack(0x000070000cce5000,0x000070000cde5000)]
  0x00007f9f25389800 JavaThread "pool-2-thread-3" [_thread_blocked, id=97283, stack(0x000070000cbe2000,0x000070000cce2000)]
  0x00007f9f25388800 JavaThread "pool-2-thread-2" [_thread_blocked, id=97027, stack(0x000070000cadf000,0x000070000cbdf000)]
  0x00007f9f250c1000 JavaThread "pool-2-thread-1" [_thread_blocked, id=124163, stack(0x000070000c9dc000,0x000070000cadc000)]
  0x00007f9f25182800 JavaThread "pool-1-thread-12" daemon [_thread_blocked, id=124675, stack(0x000070000c8d9000,0x000070000c9d9000)]
  0x00007f9f2002f000 JavaThread "pool-1-thread-11" daemon [_thread_blocked, id=124931, stack(0x000070000c7d6000,0x000070000c8d6000)]
  0x00007f9f23180000 JavaThread "pool-1-thread-10" daemon [_thread_blocked, id=96259, stack(0x000070000c6d3000,0x000070000c7d3000)]
  0x00007f9f24005000 JavaThread "pool-1-thread-9" daemon [_thread_blocked, id=125187, stack(0x000070000c5d0000,0x000070000c6d0000)]
  0x00007f9f24004000 JavaThread "pool-1-thread-8" daemon [_thread_blocked, id=95491, stack(0x000070000c4cd000,0x000070000c5cd000)]
  0x00007f9f21b2f800 JavaThread "pool-1-thread-7" daemon [_thread_blocked, id=94979, stack(0x000070000c3ca000,0x000070000c4ca000)]
  0x00007f9f24000000 JavaThread "pool-1-thread-6" daemon [_thread_blocked, id=125699, stack(0x000070000c2c7000,0x000070000c3c7000)]
  0x00007f9f22802800 JavaThread "pool-1-thread-5" daemon [_thread_blocked, id=125955, stack(0x000070000c1c4000,0x000070000c2c4000)]
  0x00007f9f2481a800 JavaThread "pool-1-thread-4" daemon [_thread_blocked, id=129039, stack(0x000070000c0c1000,0x000070000c1c1000)]
  0x00007f9f21140000 JavaThread "pool-1-thread-3" daemon [_thread_blocked, id=54023, stack(0x000070000bfbe000,0x000070000c0be000)]
  0x00007f9f2113e800 JavaThread "pool-1-thread-2" daemon [_thread_blocked, id=78087, stack(0x000070000bebb000,0x000070000bfbb000)]
  0x00007f9f1f2c0800 JavaThread "pool-1-thread-1" daemon [_thread_blocked, id=53519, stack(0x000070000bdb8000,0x000070000beb8000)]
=>0x00007f9f1f2c3800 JavaThread "Thread-0" [_thread_in_native, id=53815, stack(0x000070000bcb5000,0x000070000bdb5000)]
  0x00007f9f1f28c000 JavaThread "TimerQueue" daemon [_thread_blocked, id=127511, stack(0x000070000bbb2000,0x000070000bcb2000)]
  0x00007f9f1f018800 JavaThread "DestroyJavaVM" [_thread_blocked, id=6403, stack(0x0000700009c43000,0x0000700009d43000)]
  0x00007f9f1f2a8800 JavaThread "AWT-EventQueue-0" [_thread_blocked, id=73227, stack(0x000070000ba2c000,0x000070000bb2c000)]
  0x00007f9f1f2a4000 JavaThread "Java2D Disposer" daemon [_thread_blocked, id=73487, stack(0x000070000b929000,0x000070000ba29000)]
  0x00007f9f21964000 JavaThread "Java2D Queue Flusher" daemon [_thread_blocked, id=73735, stack(0x000070000b826000,0x000070000b926000)]
  0x00007f9f1f027000 JavaThread "AWT-Shutdown" [_thread_blocked, id=28203, stack(0x000070000b205000,0x000070000b305000)]
  0x00007f9f2313f000 JavaThread "AppKit Thread" daemon [_thread_in_native, id=775, stack(0x00007ffee6a45000,0x00007ffee7245000)]
  0x00007f9f21813000 JavaThread "Service Thread" daemon [_thread_blocked, id=21763, stack(0x000070000af7c000,0x000070000b07c000)]
  0x00007f9f23031000 JavaThread "C1 CompilerThread3" daemon [_thread_blocked, id=14851, stack(0x000070000ae79000,0x000070000af79000)]
  0x00007f9f23027800 JavaThread "C2 CompilerThread2" daemon [_thread_blocked, id=15363, stack(0x000070000ad76000,0x000070000ae76000)]
  0x00007f9f23027000 JavaThread "C2 CompilerThread1" daemon [_thread_blocked, id=14083, stack(0x000070000ac73000,0x000070000ad73000)]
  0x00007f9f21004000 JavaThread "C2 CompilerThread0" daemon [_thread_blocked, id=15875, stack(0x000070000ab70000,0x000070000ac70000)]
  0x00007f9f21006800 JavaThread "Signal Dispatcher" daemon [_thread_blocked, id=16395, stack(0x000070000aa6d000,0x000070000ab6d000)]
  0x00007f9f23005000 JavaThread "Finalizer" daemon [_thread_blocked, id=18691, stack(0x000070000a96a000,0x000070000aa6a000)]
  0x00007f9f2205b000 JavaThread "Reference Handler" daemon [_thread_blocked, id=19203, stack(0x000070000a867000,0x000070000a967000)]

Other Threads:
  0x00007f9f22058000 VMThread [stack: 0x000070000a764000,0x000070000a864000] [id=19459]
  0x00007f9f21026000 WatcherThread [stack: 0x000070000b07f000,0x000070000b17f000] [id=43267]

VM state:not at safepoint (normal execution)

VM Mutex/Monitor currently owned by a thread: None

Heap:
 PSYoungGen      total 871424K, used 432355K [0x0000000715580000, 0x0000000776800000, 0x00000007c0000000)
  eden space 606720K, 63% used [0x0000000715580000,0x000000072cc68b08,0x000000073a600000)
  from space 264704K, 18% used [0x000000073a600000,0x000000073d550380,0x000000074a880000)
  to   space 254976K, 0% used [0x0000000766f00000,0x0000000766f00000,0x0000000776800000)
 ParOldGen       total 648704K, used 358129K [0x00000005c0000000, 0x00000005e7980000, 0x0000000715580000)
  object space 648704K, 55% used [0x00000005c0000000,0x00000005d5dbc668,0x00000005e7980000)
 Metaspace       used 19415K, capacity 19591K, committed 19968K, reserved 1067008K
  class space    used 2225K, capacity 2283K, committed 2304K, reserved 1048576K

Card table byte_map: [0x000000010b754000,0x000000010c755000] byte_map_base: 0x0000000108954000

Marking Bits: (ParMarkBitMap*) 0x000000010ace6eb0
 Begin Bits: [0x00000001243f6000, 0x000000012c3f6000)
 End Bits:   [0x000000012c3f6000, 0x00000001343f6000)

Polling page: 0x0000000108a4b000

CodeCache: size=245760Kb used=6140Kb max_used=6145Kb free=239619Kb
 bounds [0x00000001153f6000, 0x0000000115a06000, 0x00000001243f6000]
 total_blobs=2526 nmethods=1831 adapters=608
 compilation: enabled

Compilation events (10 events):
Event: 6.304 Thread 0x00007f9f21004000 nmethod 1842 0x00000001159f8650 code [0x00000001159f87a0, 0x00000001159f88b8]
Event: 6.304 Thread 0x00007f9f23027800 nmethod 1841 0x00000001159f5590 code [0x00000001159f56e0, 0x00000001159f57f8]
Event: 6.306 Thread 0x00007f9f23031000 1843 %     3       org.jblas.ComplexDoubleMatrix::transpose @ 38 (77 bytes)
Event: 6.306 Thread 0x00007f9f23031000 nmethod 1843% 0x00000001159f43d0 code [0x00000001159f45c0, 0x00000001159f4eb8]
Event: 6.306 Thread 0x00007f9f23031000 1844       3       org.jblas.ComplexDoubleMatrix::transpose (77 bytes)
Event: 6.307 Thread 0x00007f9f23031000 nmethod 1844 0x00000001159f3390 code [0x00000001159f3580, 0x00000001159f3db8]
Event: 6.307 Thread 0x00007f9f23027000 1845 %     4       org.jblas.ComplexDoubleMatrix::transpose @ 38 (77 bytes)
Event: 6.314 Thread 0x00007f9f23027000 nmethod 1845% 0x00000001159f6550 code [0x00000001159f66c0, 0x00000001159f6db8]
Event: 6.322 Thread 0x00007f9f23031000 1846       3       java.util.jar.Attributes$Name::hashCode (24 bytes)
Event: 6.322 Thread 0x00007f9f23031000 nmethod 1846 0x00000001159f2f90 code [0x00000001159f3100, 0x00000001159f32e8]

GC Heap History (10 events):
Event: 4.849 GC heap before
{Heap before GC invocations=9 (full 3):
 PSYoungGen      total 284672K, used 262523K [0x0000000715580000, 0x0000000737680000, 0x00000007c0000000)
  eden space 263168K, 99% used [0x0000000715580000,0x00000007255def50,0x0000000725680000)
  from space 21504K, 0% used [0x0000000725680000,0x0000000725680000,0x0000000726b80000)
  to   space 21504K, 0% used [0x0000000736180000,0x0000000736180000,0x0000000737680000)
 ParOldGen       total 572416K, used 255682K [0x00000005c0000000, 0x00000005e2f00000, 0x0000000715580000)
  object space 572416K, 44% used [0x00000005c0000000,0x00000005cf9b0840,0x00000005e2f00000)
 Metaspace       used 18728K, capacity 18983K, committed 19200K, reserved 1067008K
  class space    used 2165K, capacity 2251K, committed 2304K, reserved 1048576K
Event: 4.874 GC heap after
Heap after GC invocations=9 (full 3):
 PSYoungGen      total 379392K, used 21344K [0x0000000715580000, 0x0000000749800000, 0x00000007c0000000)
  eden space 357888K, 0% used [0x0000000715580000,0x0000000715580000,0x000000072b300000)
  from space 21504K, 99% used [0x0000000736180000,0x00000007376581d0,0x0000000737680000)
  to   space 178688K, 0% used [0x000000072b300000,0x000000072b300000,0x0000000736180000)
 ParOldGen       total 572416K, used 395973K [0x00000005c0000000, 0x00000005e2f00000, 0x0000000715580000)
  object space 572416K, 69% used [0x00000005c0000000,0x00000005d82b14d0,0x00000005e2f00000)
 Metaspace       used 18728K, capacity 18983K, committed 19200K, reserved 1067008K
  class space    used 2165K, capacity 2251K, committed 2304K, reserved 1048576K
}
Event: 4.874 GC heap before
{Heap before GC invocations=10 (full 4):
 PSYoungGen      total 379392K, used 21344K [0x0000000715580000, 0x0000000749800000, 0x00000007c0000000)
  eden space 357888K, 0% used [0x0000000715580000,0x0000000715580000,0x000000072b300000)
  from space 21504K, 99% used [0x0000000736180000,0x00000007376581d0,0x0000000737680000)
  to   space 178688K, 0% used [0x000000072b300000,0x000000072b300000,0x0000000736180000)
 ParOldGen       total 572416K, used 395973K [0x00000005c0000000, 0x00000005e2f00000, 0x0000000715580000)
  object space 572416K, 69% used [0x00000005c0000000,0x00000005d82b14d0,0x00000005e2f00000)
 Metaspace       used 18728K, capacity 18983K, committed 19200K, reserved 1067008K
  class space    used 2165K, capacity 2251K, committed 2304K, reserved 1048576K
Event: 4.913 GC heap after
Heap after GC invocations=10 (full 4):
 PSYoungGen      total 379392K, used 0K [0x0000000715580000, 0x0000000749800000, 0x00000007c0000000)
  eden space 357888K, 0% used [0x0000000715580000,0x0000000715580000,0x000000072b300000)
  from space 21504K, 0% used [0x0000000736180000,0x0000000736180000,0x0000000737680000)
  to   space 178688K, 0% used [0x000000072b300000,0x000000072b300000,0x0000000736180000)
 ParOldGen       total 648704K, used 301280K [0x00000005c0000000, 0x00000005e7980000, 0x0000000715580000)
  object space 648704K, 46% used [0x00000005c0000000,0x00000005d26380f8,0x00000005e7980000)
 Metaspace       used 18728K, capacity 18983K, committed 19200K, reserved 1067008K
  class space    used 2165K, capacity 2251K, committed 2304K, reserved 1048576K
}
Event: 5.147 GC heap before
{Heap before GC invocations=11 (full 4):
 PSYoungGen      total 379392K, used 357494K [0x0000000715580000, 0x0000000749800000, 0x00000007c0000000)
  eden space 357888K, 99% used [0x0000000715580000,0x000000072b29d970,0x000000072b300000)
  from space 21504K, 0% used [0x0000000736180000,0x0000000736180000,0x0000000737680000)
  to   space 178688K, 0% used [0x000000072b300000,0x000000072b300000,0x0000000736180000)
 ParOldGen       total 648704K, used 301280K [0x00000005c0000000, 0x00000005e7980000, 0x0000000715580000)
  object space 648704K, 46% used [0x00000005c0000000,0x00000005d26380f8,0x00000005e7980000)
 Metaspace       used 18743K, capacity 18983K, committed 19200K, reserved 1067008K
  class space    used 2165K, capacity 2251K, committed 2304K, reserved 1048576K
Event: 5.201 GC heap after
Heap after GC invocations=11 (full 4):
 PSYoungGen      total 536576K, used 177139K [0x0000000715580000, 0x0000000757f80000, 0x00000007c0000000)
  eden space 357888K, 0% used [0x0000000715580000,0x0000000715580000,0x000000072b300000)
  from space 178688K, 99% used [0x000000072b300000,0x0000000735ffcfc0,0x0000000736180000)
  to   space 220160K, 0% used [0x000000074a880000,0x000000074a880000,0x0000000757f80000)
 ParOldGen       total 648704K, used 301288K [0x00000005c0000000, 0x00000005e7980000, 0x0000000715580000)
  object space 648704K, 46% used [0x00000005c0000000,0x00000005d263a0f8,0x00000005e7980000)
 Metaspace       used 18743K, capacity 18983K, committed 19200K, reserved 1067008K
  class space    used 2165K, capacity 2251K, committed 2304K, reserved 1048576K
}
Event: 5.390 GC heap before
{Heap before GC invocations=12 (full 4):
 PSYoungGen      total 536576K, used 534613K [0x0000000715580000, 0x0000000757f80000, 0x00000007c0000000)
  eden space 357888K, 99% used [0x0000000715580000,0x000000072b2987a0,0x000000072b300000)
  from space 178688K, 99% used [0x000000072b300000,0x0000000735ffcfc0,0x0000000736180000)
  to   space 220160K, 0% used [0x000000074a880000,0x000000074a880000,0x0000000757f80000)
 ParOldGen       total 648704K, used 301288K [0x00000005c0000000, 0x00000005e7980000, 0x0000000715580000)
  object space 648704K, 46% used [0x00000005c0000000,0x00000005d263a0f8,0x00000005e7980000)
 Metaspace       used 18749K, capacity 18983K, committed 19200K, reserved 1067008K
  class space    used 2165K, capacity 2251K, committed 2304K, reserved 1048576K
Event: 5.460 GC heap after
Heap after GC invocations=12 (full 4):
 PSYoungGen      total 826880K, used 219828K [0x0000000715580000, 0x000000075d700000, 0x00000007c0000000)
  eden space 606720K, 0% used [0x0000000715580000,0x0000000715580000,0x000000073a600000)
  from space 220160K, 99% used [0x000000074a880000,0x0000000757f2d290,0x0000000757f80000)
  to   space 264704K, 0% used [0x000000073a600000,0x000000073a600000,0x000000074a880000)
 ParOldGen       total 648704K, used 358121K [0x00000005c0000000, 0x00000005e7980000, 0x0000000715580000)
  object space 648704K, 55% used [0x00000005c0000000,0x00000005d5dba668,0x00000005e7980000)
 Metaspace       used 18749K, capacity 18983K, committed 19200K, reserved 1067008K
  class space    used 2165K, capacity 2251K, committed 2304K, reserved 1048576K
}
Event: 5.824 GC heap before
{Heap before GC invocations=13 (full 4):
 PSYoungGen      total 826880K, used 824321K [0x0000000715580000, 0x000000075d700000, 0x00000007c0000000)
  eden space 606720K, 99% used [0x0000000715580000,0x000000073a3d31c0,0x000000073a600000)
  from space 220160K, 99% used [0x000000074a880000,0x0000000757f2d290,0x0000000757f80000)
  to   space 264704K, 0% used [0x000000073a600000,0x000000073a600000,0x000000074a880000)
 ParOldGen       total 648704K, used 358121K [0x00000005c0000000, 0x00000005e7980000, 0x0000000715580000)
  object space 648704K, 55% used [0x00000005c0000000,0x00000005d5dba668,0x00000005e7980000)
 Metaspace       used 18752K, capacity 18983K, committed 19200K, reserved 1067008K
  class space    used 2165K, capacity 2251K, committed 2304K, reserved 1048576K
Event: 5.841 GC heap after
Heap after GC invocations=13 (full 4):
 PSYoungGen      total 871424K, used 48448K [0x0000000715580000, 0x0000000776800000, 0x00000007c0000000)
  eden space 606720K, 0% used [0x0000000715580000,0x0000000715580000,0x000000073a600000)
  from space 264704K, 18% used [0x000000073a600000,0x000000073d550380,0x000000074a880000)
  to   space 254976K, 0% used [0x0000000766f00000,0x0000000766f00000,0x0000000776800000)
 ParOldGen       total 648704K, used 358129K [0x00000005c0000000, 0x00000005e7980000, 0x0000000715580000)
  object space 648704K, 55% used [0x00000005c0000000,0x00000005d5dbc668,0x00000005e7980000)
 Metaspace       used 18752K, capacity 18983K, committed 19200K, reserved 1067008K
  class space    used 2165K, capacity 2251K, committed 2304K, reserved 1048576K
}

Deoptimization events (10 events):
Event: 5.842 Thread 0x00007f9f1f80c000 Uncommon trap: reason=unstable_if action=reinterpret pc=0x0000000115961930 method=java.util.concurrent.ThreadPoolExecutor.getTask()Ljava/lang/Runnable; @ 16
Event: 5.842 Thread 0x00007f9f24026800 Uncommon trap: reason=unstable_if action=reinterpret pc=0x0000000115961930 method=java.util.concurrent.ThreadPoolExecutor.getTask()Ljava/lang/Runnable; @ 16
Event: 6.087 Thread 0x00007f9f24028000 Uncommon trap: reason=unstable_if action=reinterpret pc=0x00000001159d1f70 method=com.cern.colt.matrix.tdouble.impl.DenseDoubleMatrix2D$39.run()V @ 28
Event: 6.087 Thread 0x00007f9f2400a000 Uncommon trap: reason=unstable_if action=reinterpret pc=0x00000001159d1f70 method=com.cern.colt.matrix.tdouble.impl.DenseDoubleMatrix2D$39.run()V @ 28
Event: 6.087 Thread 0x00007f9f1f82e000 Uncommon trap: reason=unstable_if action=reinterpret pc=0x00000001159d1f70 method=com.cern.colt.matrix.tdouble.impl.DenseDoubleMatrix2D$39.run()V @ 28
Event: 6.117 Thread 0x00007f9f1f2c3800 Uncommon trap: reason=unstable_if action=reinterpret pc=0x00000001159d35f4 method=org.jblas.DoubleMatrix.<init>([[D)V @ 58
Event: 6.144 Thread 0x00007f9f23287800 Uncommon trap: reason=unstable_if action=reinterpret pc=0x00000001159d7e24 method=com.cern.colt.matrix.tdcomplex.impl.DenseDComplexMatrix2D$21.run()V @ 43
Event: 6.196 Thread 0x00007f9f1f2c3800 Uncommon trap: reason=unstable_if action=reinterpret pc=0x00000001155b272c method=java.util.Properties.loadConvert([CII[C)Ljava/lang/String; @ 4
Event: 6.197 Thread 0x00007f9f1f2c3800 Uncommon trap: reason=unstable_if action=reinterpret pc=0x00000001155bd798 method=java.lang.String.indexOf([CII[CIII)I @ 3
Event: 6.321 Thread 0x00007f9f1f2c3800 Uncommon trap: reason=unstable_if action=reinterpret pc=0x00000001159f6ccc method=org.jblas.ComplexDoubleMatrix.transpose()Lorg/jblas/ComplexDoubleMatrix; @ 32

Internal exceptions (10 events):
Event: 0.106 Thread 0x00007f9f1f018800 Exception <a 'java/security/PrivilegedActionException'> (0x00000007156d0a50) thrown at [/Users/java_re/workspace/8-2-build-macosx-x86_64/jdk8u91/6644/hotspot/src/share/vm/prims/jvm.cpp, line 1386]
Event: 0.106 Thread 0x00007f9f1f018800 Exception <a 'java/security/PrivilegedActionException'> (0x00000007156d0c60) thrown at [/Users/java_re/workspace/8-2-build-macosx-x86_64/jdk8u91/6644/hotspot/src/share/vm/prims/jvm.cpp, line 1386]
Event: 0.137 Thread 0x00007f9f1f018800 Exception <a 'java/lang/NoSuchFieldError': method resolution failed> (0x000000071579e3b8) thrown at [/Users/java_re/workspace/8-2-build-macosx-x86_64/jdk8u91/6644/hotspot/src/share/vm/prims/methodHandles.cpp, line 1146]
Event: 0.138 Thread 0x00007f9f1f018800 Exception <a 'java/lang/NoSuchFieldError': method resolution failed> (0x00000007157abb88) thrown at [/Users/java_re/workspace/8-2-build-macosx-x86_64/jdk8u91/6644/hotspot/src/share/vm/prims/methodHandles.cpp, line 1146]
Event: 0.315 Thread 0x00007f9f1f018800 Exception <a 'java/io/FileNotFoundException'> (0x0000000715ab8e78) thrown at [/Users/java_re/workspace/8-2-build-macosx-x86_64/jdk8u91/6644/hotspot/src/share/vm/prims/jni.cpp, line 709]
Event: 0.315 Thread 0x00007f9f1f018800 Exception <a 'java/io/FileNotFoundException'> (0x0000000715ab99d8) thrown at [/Users/java_re/workspace/8-2-build-macosx-x86_64/jdk8u91/6644/hotspot/src/share/vm/prims/jni.cpp, line 709]
Event: 3.546 Thread 0x00007f9f23005000 Exception <a 'java/lang/NullPointerException'> (0x00000007161cd848) thrown at [/Users/java_re/workspace/8-2-build-macosx-x86_64/jdk8u91/6644/hotspot/src/share/vm/interpreter/linkResolver.cpp, line 1178]
Event: 3.547 Thread 0x00007f9f23005000 Exception <a 'java/lang/NullPointerException'> (0x00000007161cdae8) thrown at [/Users/java_re/workspace/8-2-build-macosx-x86_64/jdk8u91/6644/hotspot/src/share/vm/interpreter/linkResolver.cpp, line 1178]
Event: 3.548 Thread 0x00007f9f23005000 Exception <a 'java/lang/NullPointerException'> (0x00000007161cdcf0) thrown at [/Users/java_re/workspace/8-2-build-macosx-x86_64/jdk8u91/6644/hotspot/src/share/vm/interpreter/linkResolver.cpp, line 1178]
Event: 3.550 Thread 0x00007f9f23005000 Exception <a 'java/lang/NullPointerException'> (0x00000007161cdf80) thrown at [/Users/java_re/workspace/8-2-build-macosx-x86_64/jdk8u91/6644/hotspot/src/share/vm/interpreter/linkResolver.cpp, line 1178]

Events (10 events):
Event: 6.321 loading class org/jblas/SimpleBlas
Event: 6.321 loading class org/jblas/SimpleBlas done
Event: 6.322 loading class org/jblas/exceptions/LapackArgumentException
Event: 6.322 loading class org/jblas/exceptions/LapackArgumentException done
Event: 6.322 loading class org/jblas/exceptions/LapackException
Event: 6.322 loading class org/jblas/exceptions/LapackException done
Event: 6.322 loading class org/jblas/exceptions/LapackConvergenceException
Event: 6.322 loading class org/jblas/exceptions/LapackConvergenceException done
Event: 6.323 loading class org/jblas/exceptions/LapackSingularityException
Event: 6.323 loading class org/jblas/exceptions/LapackSingularityException done


Dynamic libraries:
0x000000001c29a000 	/System/Library/Frameworks/Cocoa.framework/Versions/A/Cocoa
0x000000001c29a000 	/System/Library/Frameworks/Security.framework/Versions/A/Security
0x000000001c29a000 	/System/Library/Frameworks/ApplicationServices.framework/Versions/A/ApplicationServices
0x000000001c29a000 	/usr/lib/libz.1.dylib
0x000000001c29a000 	/usr/lib/libSystem.B.dylib
0x000000001c29a000 	/usr/lib/libobjc.A.dylib
0x000000001c29a000 	/System/Library/Frameworks/CoreFoundation.framework/Versions/A/CoreFoundation
0x000000001c29a000 	/System/Library/Frameworks/Foundation.framework/Versions/C/Foundation
0x000000001c29a000 	/System/Library/Frameworks/AppKit.framework/Versions/C/AppKit
0x000000001c29a000 	/System/Library/Frameworks/CoreData.framework/Versions/A/CoreData
0x000000001c29a000 	/System/Library/PrivateFrameworks/RemoteViewServices.framework/Versions/A/RemoteViewServices
0x000000001c29a000 	/System/Library/PrivateFrameworks/UIFoundation.framework/Versions/A/UIFoundation
0x000000001c29a000 	/System/Library/PrivateFrameworks/DFRFoundation.framework/Versions/A/DFRFoundation
0x000000001c29a000 	/System/Library/Frameworks/Metal.framework/Versions/A/Metal
0x000000001c29a000 	/System/Library/PrivateFrameworks/DesktopServicesPriv.framework/Versions/A/DesktopServicesPriv
0x000000001c29a000 	/usr/lib/libenergytrace.dylib
0x000000001c29a000 	/System/Library/PrivateFrameworks/SkyLight.framework/Versions/A/SkyLight
0x000000001c29a000 	/System/Library/Frameworks/CoreGraphics.framework/Versions/A/CoreGraphics
0x000000001c29a000 	/usr/lib/libScreenReader.dylib
0x000000001c29a000 	/System/Library/Frameworks/Accelerate.framework/Versions/A/Accelerate
0x000000001c29a000 	/System/Library/Frameworks/IOSurface.framework/Versions/A/IOSurface
0x000000001c29a000 	/System/Library/Frameworks/AudioToolbox.framework/Versions/A/AudioToolbox
0x000000001c29a000 	/System/Library/Frameworks/AudioUnit.framework/Versions/A/AudioUnit
0x000000001c29a000 	/System/Library/PrivateFrameworks/DataDetectorsCore.framework/Versions/A/DataDetectorsCore
0x000000001c29a000 	/System/Library/Frameworks/Carbon.framework/Versions/A/Frameworks/HIToolbox.framework/Versions/A/HIToolbox
0x000000001c29a000 	/usr/lib/libicucore.A.dylib
0x000000001c29a000 	/System/Library/Frameworks/QuartzCore.framework/Versions/A/QuartzCore
0x000000001c29a000 	/System/Library/PrivateFrameworks/SignpostNotification.framework/Versions/A/SignpostNotification
0x000000001c29a000 	/System/Library/Frameworks/Carbon.framework/Versions/A/Frameworks/SpeechRecognition.framework/Versions/A/SpeechRecognition
0x000000001c29a000 	/usr/lib/libauto.dylib
0x000000001c29a000 	/usr/lib/libxml2.2.dylib
0x000000001c29a000 	/System/Library/PrivateFrameworks/CoreUI.framework/Versions/A/CoreUI
0x000000001c29a000 	/System/Library/Frameworks/CoreAudio.framework/Versions/A/CoreAudio
0x000000001c29a000 	/System/Library/Frameworks/DiskArbitration.framework/Versions/A/DiskArbitration
0x000000001c29a000 	/usr/lib/liblangid.dylib
0x000000001c29a000 	/System/Library/PrivateFrameworks/MultitouchSupport.framework/Versions/A/MultitouchSupport
0x000000001c29a000 	/System/Library/Frameworks/IOKit.framework/Versions/A/IOKit
0x000000001c29a000 	/usr/lib/libDiagnosticMessagesClient.dylib
0x000000001c29a000 	/System/Library/Frameworks/CoreServices.framework/Versions/A/CoreServices
0x000000001c29a000 	/System/Library/PrivateFrameworks/PerformanceAnalysis.framework/Versions/A/PerformanceAnalysis
0x000000001c29a000 	/System/Library/Frameworks/OpenGL.framework/Versions/A/OpenGL
0x000000001c29a000 	/System/Library/Frameworks/ColorSync.framework/Versions/A/ColorSync
0x000000001c29a000 	/System/Library/Frameworks/CoreImage.framework/Versions/A/CoreImage
0x000000001c29a000 	/System/Library/Frameworks/CoreText.framework/Versions/A/CoreText
0x000000001c29a000 	/System/Library/Frameworks/ImageIO.framework/Versions/A/ImageIO
0x000000001c29a000 	/System/Library/PrivateFrameworks/Backup.framework/Versions/A/Backup
0x000000001c29a000 	/usr/lib/libarchive.2.dylib
0x000000001c29a000 	/System/Library/Frameworks/CFNetwork.framework/Versions/A/CFNetwork
0x000000001c29a000 	/System/Library/Frameworks/SystemConfiguration.framework/Versions/A/SystemConfiguration
0x000000001c29a000 	/usr/lib/libCRFSuite.dylib
0x000000001c29a000 	/usr/lib/libc++.1.dylib
0x000000001c29a000 	/usr/lib/libc++abi.dylib
0x000000001c29a000 	/usr/lib/system/libcache.dylib
0x000000001c29a000 	/usr/lib/system/libcommonCrypto.dylib
0x000000001c29a000 	/usr/lib/system/libcompiler_rt.dylib
0x000000001c29a000 	/usr/lib/system/libcopyfile.dylib
0x000000001c29a000 	/usr/lib/system/libcorecrypto.dylib
0x000000001c29a000 	/usr/lib/system/libdispatch.dylib
0x000000001c29a000 	/usr/lib/system/libdyld.dylib
0x000000001c29a000 	/usr/lib/system/libkeymgr.dylib
0x000000001c29a000 	/usr/lib/system/liblaunch.dylib
0x000000001c29a000 	/usr/lib/system/libmacho.dylib
0x000000001c29a000 	/usr/lib/system/libquarantine.dylib
0x000000001c29a000 	/usr/lib/system/libremovefile.dylib
0x000000001c29a000 	/usr/lib/system/libsystem_asl.dylib
0x000000001c29a000 	/usr/lib/system/libsystem_blocks.dylib
0x000000001c29a000 	/usr/lib/system/libsystem_c.dylib
0x000000001c29a000 	/usr/lib/system/libsystem_configuration.dylib
0x000000001c29a000 	/usr/lib/system/libsystem_coreservices.dylib
0x000000001c29a000 	/usr/lib/system/libsystem_darwin.dylib
0x000000001c29a000 	/usr/lib/system/libsystem_dnssd.dylib
0x000000001c29a000 	/usr/lib/system/libsystem_info.dylib
0x000000001c29a000 	/usr/lib/system/libsystem_m.dylib
0x000000001c29a000 	/usr/lib/system/libsystem_malloc.dylib
0x000000001c29a000 	/usr/lib/system/libsystem_network.dylib
0x000000001c29a000 	/usr/lib/system/libsystem_networkextension.dylib
0x000000001c29a000 	/usr/lib/system/libsystem_notify.dylib
0x000000001c29a000 	/usr/lib/system/libsystem_sandbox.dylib
0x000000001c29a000 	/usr/lib/system/libsystem_secinit.dylib
0x000000001c29a000 	/usr/lib/system/libsystem_kernel.dylib
0x000000001c29a000 	/usr/lib/system/libsystem_platform.dylib
0x000000001c29a000 	/usr/lib/system/libsystem_pthread.dylib
0x000000001c29a000 	/usr/lib/system/libsystem_symptoms.dylib
0x000000001c29a000 	/usr/lib/system/libsystem_trace.dylib
0x000000001c29a000 	/usr/lib/system/libunwind.dylib
0x000000001c29a000 	/usr/lib/system/libxpc.dylib
0x000000001c29a000 	/usr/lib/closure/libclosured.dylib
0x000000001c29a000 	/usr/lib/libbsm.0.dylib
0x000000001c29a000 	/usr/lib/system/libkxld.dylib
0x000000001c29a000 	/usr/lib/libOpenScriptingUtil.dylib
0x000000001c29a000 	/usr/lib/libcoretls.dylib
0x000000001c29a000 	/usr/lib/libcoretls_cfhelpers.dylib
0x000000001c29a000 	/usr/lib/libpam.2.dylib
0x000000001c29a000 	/usr/lib/libsqlite3.dylib
0x000000001c29a000 	/usr/lib/libxar.1.dylib
0x000000001c29a000 	/usr/lib/libbz2.1.0.dylib
0x000000001c29a000 	/usr/lib/liblzma.5.dylib
0x000000001c29a000 	/usr/lib/libnetwork.dylib
0x000000001c29a000 	/usr/lib/libapple_nghttp2.dylib
0x000000001c29a000 	/usr/lib/libpcap.A.dylib
0x000000001c29a000 	/usr/lib/libboringssl.dylib
0x000000001c29a000 	/usr/lib/libusrtcp.dylib
0x000000001c29a000 	/usr/lib/libapple_crypto.dylib
0x000000001c29a000 	/System/Library/Frameworks/CoreServices.framework/Versions/A/Frameworks/FSEvents.framework/Versions/A/FSEvents
0x000000001c29a000 	/System/Library/Frameworks/CoreServices.framework/Versions/A/Frameworks/CarbonCore.framework/Versions/A/CarbonCore
0x000000001c29a000 	/System/Library/Frameworks/CoreServices.framework/Versions/A/Frameworks/Metadata.framework/Versions/A/Metadata
0x000000001c29a000 	/System/Library/Frameworks/CoreServices.framework/Versions/A/Frameworks/OSServices.framework/Versions/A/OSServices
0x000000001c29a000 	/System/Library/Frameworks/CoreServices.framework/Versions/A/Frameworks/SearchKit.framework/Versions/A/SearchKit
0x000000001c29a000 	/System/Library/Frameworks/CoreServices.framework/Versions/A/Frameworks/AE.framework/Versions/A/AE
0x000000001c29a000 	/System/Library/Frameworks/CoreServices.framework/Versions/A/Frameworks/LaunchServices.framework/Versions/A/LaunchServices
0x000000001c29a000 	/System/Library/Frameworks/CoreServices.framework/Versions/A/Frameworks/DictionaryServices.framework/Versions/A/DictionaryServices
0x000000001c29a000 	/System/Library/Frameworks/CoreServices.framework/Versions/A/Frameworks/SharedFileList.framework/Versions/A/SharedFileList
0x000000001c29a000 	/System/Library/Frameworks/NetFS.framework/Versions/A/NetFS
0x000000001c29a000 	/System/Library/PrivateFrameworks/NetAuth.framework/Versions/A/NetAuth
0x000000001c29a000 	/System/Library/PrivateFrameworks/login.framework/Versions/A/Frameworks/loginsupport.framework/Versions/A/loginsupport
0x000000001c29a000 	/System/Library/PrivateFrameworks/TCC.framework/Versions/A/TCC
0x000000001c29a000 	/usr/lib/libmecabra.dylib
0x000000001c29a000 	/System/Library/Frameworks/ApplicationServices.framework/Versions/A/Frameworks/ATS.framework/Versions/A/ATS
0x000000001c29a000 	/System/Library/Frameworks/ApplicationServices.framework/Versions/A/Frameworks/ColorSyncLegacy.framework/Versions/A/ColorSyncLegacy
0x000000001c29a000 	/System/Library/Frameworks/ApplicationServices.framework/Versions/A/Frameworks/HIServices.framework/Versions/A/HIServices
0x000000001c29a000 	/System/Library/Frameworks/ApplicationServices.framework/Versions/A/Frameworks/LangAnalysis.framework/Versions/A/LangAnalysis
0x000000001c29a000 	/System/Library/Frameworks/ApplicationServices.framework/Versions/A/Frameworks/PrintCore.framework/Versions/A/PrintCore
0x000000001c29a000 	/System/Library/Frameworks/ApplicationServices.framework/Versions/A/Frameworks/QD.framework/Versions/A/QD
0x000000001c29a000 	/System/Library/Frameworks/ApplicationServices.framework/Versions/A/Frameworks/SpeechSynthesis.framework/Versions/A/SpeechSynthesis
0x000000001c29a000 	/System/Library/Frameworks/CoreDisplay.framework/Versions/A/CoreDisplay
0x000000001c29a000 	/System/Library/Frameworks/Accelerate.framework/Versions/A/Frameworks/vImage.framework/Versions/A/vImage
0x000000001c29a000 	/System/Library/Frameworks/Accelerate.framework/Versions/A/Frameworks/vecLib.framework/Versions/A/vecLib
0x000000001c29a000 	/System/Library/Frameworks/Accelerate.framework/Versions/A/Frameworks/vecLib.framework/Versions/A/libvDSP.dylib
0x000000001c29a000 	/System/Library/Frameworks/Accelerate.framework/Versions/A/Frameworks/vecLib.framework/Versions/A/libBNNS.dylib
0x000000001c29a000 	/System/Library/Frameworks/Accelerate.framework/Versions/A/Frameworks/vecLib.framework/Versions/A/libQuadrature.dylib
0x000000001c29a000 	/System/Library/Frameworks/Accelerate.framework/Versions/A/Frameworks/vecLib.framework/Versions/A/libvMisc.dylib
0x000000001c29a000 	/System/Library/Frameworks/Accelerate.framework/Versions/A/Frameworks/vecLib.framework/Versions/A/libLAPACK.dylib
0x000000001c29a000 	/System/Library/Frameworks/Accelerate.framework/Versions/A/Frameworks/vecLib.framework/Versions/A/libBLAS.dylib
0x000000001c29a000 	/System/Library/Frameworks/Accelerate.framework/Versions/A/Frameworks/vecLib.framework/Versions/A/libLinearAlgebra.dylib
0x000000001c29a000 	/System/Library/Frameworks/Accelerate.framework/Versions/A/Frameworks/vecLib.framework/Versions/A/libSparse.dylib
0x000000001c29a000 	/System/Library/Frameworks/Accelerate.framework/Versions/A/Frameworks/vecLib.framework/Versions/A/libSparseBLAS.dylib
0x000000001c29a000 	/System/Library/PrivateFrameworks/GPUWrangler.framework/Versions/A/GPUWrangler
0x000000001c29a000 	/System/Library/PrivateFrameworks/IOAccelerator.framework/Versions/A/IOAccelerator
0x000000001c29a000 	/System/Library/PrivateFrameworks/IOPresentment.framework/Versions/A/IOPresentment
0x000000001c29a000 	/System/Library/PrivateFrameworks/DSExternalDisplay.framework/Versions/A/DSExternalDisplay
0x000000001c29a000 	/System/Library/Frameworks/OpenGL.framework/Versions/A/Libraries/libCoreFSCache.dylib
0x000000001c29a000 	/System/Library/Frameworks/CoreVideo.framework/Versions/A/CoreVideo
0x000000001c29a000 	/System/Library/PrivateFrameworks/GraphVisualizer.framework/Versions/A/GraphVisualizer
0x000000001c29a000 	/System/Library/Frameworks/MetalPerformanceShaders.framework/Versions/A/MetalPerformanceShaders
0x000000001c29a000 	/usr/lib/libFosl_dynamic.dylib
0x000000001c29a000 	/System/Library/PrivateFrameworks/FaceCore.framework/Versions/A/FaceCore
0x000000001c29a000 	/System/Library/Frameworks/OpenCL.framework/Versions/A/OpenCL
0x000000001c29a000 	/usr/lib/libcompression.dylib
0x000000001c29a000 	/System/Library/Frameworks/ApplicationServices.framework/Versions/A/Frameworks/ATS.framework/Versions/A/Resources/libFontParser.dylib
0x000000001c29a000 	/System/Library/Frameworks/ApplicationServices.framework/Versions/A/Frameworks/ATS.framework/Versions/A/Resources/libFontRegistry.dylib
0x000000001c29a000 	/System/Library/Frameworks/ImageIO.framework/Versions/A/Resources/libJPEG.dylib
0x000000001c29a000 	/System/Library/Frameworks/ImageIO.framework/Versions/A/Resources/libTIFF.dylib
0x000000001c29a000 	/System/Library/Frameworks/ImageIO.framework/Versions/A/Resources/libPng.dylib
0x000000001c29a000 	/System/Library/Frameworks/ImageIO.framework/Versions/A/Resources/libGIF.dylib
0x000000001c29a000 	/System/Library/Frameworks/ImageIO.framework/Versions/A/Resources/libJP2.dylib
0x000000001c29a000 	/System/Library/Frameworks/ImageIO.framework/Versions/A/Resources/libRadiance.dylib
0x000000001c29a000 	/System/Library/PrivateFrameworks/AppleJPEG.framework/Versions/A/AppleJPEG
0x000000001c29a000 	/System/Library/Frameworks/MetalPerformanceShaders.framework/Frameworks/MPSCore.framework/Versions/A/MPSCore
0x000000001c29a000 	/System/Library/Frameworks/MetalPerformanceShaders.framework/Frameworks/MPSImage.framework/Versions/A/MPSImage
0x000000001c29a000 	/System/Library/Frameworks/MetalPerformanceShaders.framework/Frameworks/MPSNeuralNetwork.framework/Versions/A/MPSNeuralNetwork
0x000000001c29a000 	/System/Library/Frameworks/MetalPerformanceShaders.framework/Frameworks/MPSMatrix.framework/Versions/A/MPSMatrix
0x000000001c29a000 	/System/Library/PrivateFrameworks/MetalTools.framework/Versions/A/MetalTools
0x000000001c29a000 	/System/Library/Frameworks/OpenGL.framework/Versions/A/Libraries/libGLU.dylib
0x000000001c29a000 	/System/Library/Frameworks/OpenGL.framework/Versions/A/Libraries/libGFXShared.dylib
0x000000001c29a000 	/System/Library/Frameworks/OpenGL.framework/Versions/A/Libraries/libGL.dylib
0x000000001c29a000 	/System/Library/Frameworks/OpenGL.framework/Versions/A/Libraries/libGLImage.dylib
0x000000001c29a000 	/System/Library/Frameworks/OpenGL.framework/Versions/A/Libraries/libCVMSPluginSupport.dylib
0x000000001c29a000 	/System/Library/Frameworks/OpenGL.framework/Versions/A/Libraries/libCoreVMClient.dylib
0x000000001c29a000 	/usr/lib/libcups.2.dylib
0x000000001c29a000 	/System/Library/Frameworks/Kerberos.framework/Versions/A/Kerberos
0x000000001c29a000 	/System/Library/Frameworks/GSS.framework/Versions/A/GSS
0x000000001c29a000 	/usr/lib/libresolv.9.dylib
0x000000001c29a000 	/usr/lib/libiconv.2.dylib
0x000000001c29a000 	/System/Library/PrivateFrameworks/Heimdal.framework/Versions/A/Heimdal
0x000000001c29a000 	/usr/lib/libheimdal-asn1.dylib
0x000000001c29a000 	/System/Library/Frameworks/OpenDirectory.framework/Versions/A/OpenDirectory
0x000000001c29a000 	/System/Library/PrivateFrameworks/CommonAuth.framework/Versions/A/CommonAuth
0x000000001c29a000 	/System/Library/Frameworks/OpenDirectory.framework/Versions/A/Frameworks/CFOpenDirectory.framework/Versions/A/CFOpenDirectory
0x000000001c29a000 	/System/Library/Frameworks/SecurityFoundation.framework/Versions/A/SecurityFoundation
0x000000001c29a000 	/System/Library/PrivateFrameworks/APFS.framework/Versions/A/APFS
0x000000001c29a000 	/usr/lib/libutil.dylib
0x000000001c29a000 	/System/Library/PrivateFrameworks/AppleSauce.framework/Versions/A/AppleSauce
0x000000001c29a000 	/System/Library/PrivateFrameworks/LinguisticData.framework/Versions/A/LinguisticData
0x000000001c29a000 	/usr/lib/libmarisa.dylib
0x000000001c29a000 	/System/Library/PrivateFrameworks/Lexicon.framework/Versions/A/Lexicon
0x000000001c29a000 	/usr/lib/libChineseTokenizer.dylib
0x000000001c29a000 	/usr/lib/libcmph.dylib
0x000000001c29a000 	/System/Library/PrivateFrameworks/LanguageModeling.framework/Versions/A/LanguageModeling
0x000000001c29a000 	/System/Library/PrivateFrameworks/CoreEmoji.framework/Versions/A/CoreEmoji
0x000000001c29a000 	/System/Library/Frameworks/ServiceManagement.framework/Versions/A/ServiceManagement
0x000000001c29a000 	/System/Library/PrivateFrameworks/BackgroundTaskManagement.framework/Versions/A/BackgroundTaskManagement
0x000000001c29a000 	/usr/lib/libxslt.1.dylib
0x000000001c29a000 	/System/Library/Frameworks/Carbon.framework/Versions/A/Frameworks/Ink.framework/Versions/A/Ink
0x000000001c29a000 	/System/Library/PrivateFrameworks/TextureIO.framework/Versions/A/TextureIO
0x000000001c29a000 	/usr/lib/libate.dylib
0x000000001c29a000 	/System/Library/PrivateFrameworks/CrashReporterSupport.framework/Versions/A/CrashReporterSupport
0x000000001c29a000 	/System/Library/PrivateFrameworks/Sharing.framework/Versions/A/Sharing
0x000000001c29a000 	/System/Library/PrivateFrameworks/IconServices.framework/Versions/A/IconServices
0x000000001c29a000 	/System/Library/PrivateFrameworks/AuthKit.framework/Versions/A/AuthKit
0x000000001c29a000 	/System/Library/PrivateFrameworks/Apple80211.framework/Versions/A/Apple80211
0x000000001c29a000 	/System/Library/PrivateFrameworks/CoreUtils.framework/Versions/A/CoreUtils
0x000000001c29a000 	/System/Library/Frameworks/CoreWLAN.framework/Versions/A/CoreWLAN
0x000000001c29a000 	/System/Library/Frameworks/IOBluetooth.framework/Versions/A/IOBluetooth
0x000000001c29a000 	/System/Library/PrivateFrameworks/ProtocolBuffer.framework/Versions/A/ProtocolBuffer
0x000000001c29a000 	/System/Library/PrivateFrameworks/MobileKeyBag.framework/Versions/A/MobileKeyBag
0x000000001c29a000 	/System/Library/PrivateFrameworks/CorePhoneNumbers.framework/Versions/A/CorePhoneNumbers
0x000000001c29a000 	/System/Library/PrivateFrameworks/AppleIDAuthSupport.framework/Versions/A/AppleIDAuthSupport
0x000000001c29a000 	/System/Library/PrivateFrameworks/KeychainCircle.framework/Versions/A/KeychainCircle
0x000000001c29a000 	/System/Library/PrivateFrameworks/CoreWiFi.framework/Versions/A/CoreWiFi
0x000000001c29a000 	/System/Library/Frameworks/CoreBluetooth.framework/Versions/A/CoreBluetooth
0x000000001c29a000 	/System/Library/PrivateFrameworks/DebugSymbols.framework/Versions/A/DebugSymbols
0x000000001c29a000 	/System/Library/PrivateFrameworks/CoreSymbolication.framework/Versions/A/CoreSymbolication
0x000000001c29a000 	/System/Library/PrivateFrameworks/Symbolication.framework/Versions/A/Symbolication
0x000000001c29a000 	/System/Library/PrivateFrameworks/AppleFSCompression.framework/Versions/A/AppleFSCompression
0x000000001c29a000 	/System/Library/PrivateFrameworks/SpeechRecognitionCore.framework/Versions/A/SpeechRecognitionCore
0x000000010a400000 	/Library/Java/JavaVirtualMachines/jdk1.8.0_91.jdk/Contents/Home/jre/lib/server/libjvm.dylib
0x000000001c29a000 	/usr/lib/libstdc++.6.0.9.dylib
0x0000000108a08000 	/Library/Java/JavaVirtualMachines/jdk1.8.0_91.jdk/Contents/Home/jre/lib/libverify.dylib
0x0000000108a16000 	/Library/Java/JavaVirtualMachines/jdk1.8.0_91.jdk/Contents/Home/jre/lib/libjava.dylib
0x0000000108a95000 	/Library/Java/JavaVirtualMachines/jdk1.8.0_91.jdk/Contents/Home/jre/lib/libzip.dylib
0x000000001c29a000 	/System/Library/Frameworks/JavaVM.framework/Versions/A/Frameworks/JavaRuntimeSupport.framework/Versions/A/JavaRuntimeSupport
0x000000001c29a000 	/System/Library/Frameworks/JavaVM.framework/Versions/A/Frameworks/JavaNativeFoundation.framework/Versions/A/JavaNativeFoundation
0x000000001c29a000 	/System/Library/Frameworks/JavaVM.framework/Versions/A/JavaVM
0x000000001c29a000 	/System/Library/Frameworks/Carbon.framework/Versions/A/Carbon
0x000000001c29a000 	/System/Library/PrivateFrameworks/JavaLaunching.framework/Versions/A/JavaLaunching
0x000000001c29a000 	/System/Library/Frameworks/Carbon.framework/Versions/A/Frameworks/CommonPanels.framework/Versions/A/CommonPanels
0x000000001c29a000 	/System/Library/Frameworks/Carbon.framework/Versions/A/Frameworks/Help.framework/Versions/A/Help
0x000000001c29a000 	/System/Library/Frameworks/Carbon.framework/Versions/A/Frameworks/ImageCapture.framework/Versions/A/ImageCapture
0x000000001c29a000 	/System/Library/Frameworks/Carbon.framework/Versions/A/Frameworks/OpenScripting.framework/Versions/A/OpenScripting
0x000000001c29a000 	/System/Library/Frameworks/Carbon.framework/Versions/A/Frameworks/Print.framework/Versions/A/Print
0x000000001c29a000 	/System/Library/Frameworks/Carbon.framework/Versions/A/Frameworks/SecurityHI.framework/Versions/A/SecurityHI
0x00000001129b5000 	/Library/Java/JavaVirtualMachines/jdk1.8.0_91.jdk/Contents/Home/jre/lib/libawt.dylib
0x0000000112a5d000 	/Library/Java/JavaVirtualMachines/jdk1.8.0_91.jdk/Contents/Home/jre/lib/./libmlib_image.dylib
0x0000000112b29000 	/Library/Java/JavaVirtualMachines/jdk1.8.0_91.jdk/Contents/Home/jre/lib/libawt_lwawt.dylib
0x0000000112bde000 	/Library/Java/JavaVirtualMachines/jdk1.8.0_91.jdk/Contents/Home/jre/lib/./libosxapp.dylib
0x000000001c29a000 	/System/Library/Frameworks/ExceptionHandling.framework/Versions/A/ExceptionHandling
0x000000001c29a000 	/System/Library/PrivateFrameworks/CoreServicesInternal.framework/Versions/A/CoreServicesInternal
0x000000001c29a000 	/System/Library/CoreServices/RawCamera.bundle/Contents/MacOS/RawCamera
0x000000001c29a000 	/System/Library/PrivateFrameworks/MobileAsset.framework/Versions/A/MobileAsset
0x000000001c29a000 	/System/Library/PrivateFrameworks/StreamingZip.framework/Versions/A/StreamingZip
0x000000001c29a000 	/System/Library/Frameworks/MediaToolbox.framework/Versions/A/MediaToolbox
0x000000001c29a000 	/System/Library/PrivateFrameworks/CoreAVCHD.framework/Versions/A/CoreAVCHD
0x000000001c29a000 	/System/Library/Frameworks/MediaAccessibility.framework/Versions/A/MediaAccessibility
0x000000001c29a000 	/System/Library/PrivateFrameworks/Mangrove.framework/Versions/A/Mangrove
0x000000001c29a000 	/System/Library/Frameworks/CoreMedia.framework/Versions/A/CoreMedia
0x000000001c29a000 	/System/Library/Frameworks/VideoToolbox.framework/Versions/A/VideoToolbox
0x000000001c29a000 	/System/Library/PrivateFrameworks/CoreAUC.framework/Versions/A/CoreAUC
0x000000001c29a000 	/usr/lib/libspindump.dylib
0x000000001c29a000 	/System/Library/PrivateFrameworks/AppleVA.framework/Versions/A/AppleVA
0x000000001c29a000 	/System/Library/Frameworks/Accelerate.framework/Versions/A/Frameworks/vImage.framework/Versions/A/Libraries/libCGInterfaces.dylib
0x000000001c29a000 	/System/Library/Frameworks/ApplicationServices.framework/Versions/A/Frameworks/ATS.framework/Versions/A/Resources/libTrueTypeScaler.dylib
0x0000000114f0f000 	/System/Library/Extensions/AMDMTLBronzeDriver.bundle/Contents/MacOS/AMDMTLBronzeDriver
0x000000001c29a000 	/System/Library/PrivateFrameworks/IOAccelMemoryInfo.framework/Versions/A/IOAccelMemoryInfo
0x000000001c29a000 	/System/Library/Extensions/AppleIntelKBLGraphicsMTLDriver.bundle/Contents/MacOS/AppleIntelKBLGraphicsMTLDriver
0x000000001c29a000 	/System/Library/PrivateFrameworks/GPUCompiler.framework/Versions/3802/Libraries/libmetal_timestamp.dylib
0x000000001c29a000 	/System/Library/PrivateFrameworks/FamilyControls.framework/Versions/A/FamilyControls
0x000000001c29a000 	/System/Library/PrivateFrameworks/CommerceKit.framework/Versions/A/Frameworks/CommerceCore.framework/Versions/A/CommerceCore
0x000000001c29a000 	/System/Library/PrivateFrameworks/SystemAdministration.framework/Versions/A/SystemAdministration
0x000000001c29a000 	/System/Library/PrivateFrameworks/AppContainer.framework/Versions/A/AppContainer
0x000000001c29a000 	/System/Library/PrivateFrameworks/SecCodeWrapper.framework/Versions/A/SecCodeWrapper
0x000000001c29a000 	/System/Library/PrivateFrameworks/DiskManagement.framework/Versions/A/DiskManagement
0x000000001c29a000 	/System/Library/Frameworks/DirectoryService.framework/Versions/A/DirectoryService
0x000000001c29a000 	/System/Library/PrivateFrameworks/DiskImages.framework/Versions/A/DiskImages
0x000000001c29a000 	/System/Library/PrivateFrameworks/LoginUIKit.framework/Versions/A/Frameworks/LoginUICore.framework/Versions/A/LoginUICore
0x000000001c29a000 	/usr/lib/libCoreStorage.dylib
0x000000001c29a000 	/usr/lib/libcsfde.dylib
0x000000001c29a000 	/usr/lib/libodfde.dylib
0x000000001c29a000 	/System/Library/PrivateFrameworks/MediaKit.framework/Versions/A/MediaKit
0x000000001c29a000 	/System/Library/Frameworks/DiscRecording.framework/Versions/A/DiscRecording
0x000000001c29a000 	/System/Library/PrivateFrameworks/EFILogin.framework/Versions/A/EFILogin
0x000000001c29a000 	/System/Library/PrivateFrameworks/ProtectedCloudStorage.framework/Versions/A/ProtectedCloudStorage
0x000000001c29a000 	/usr/lib/libcurl.4.dylib
0x000000001c29a000 	/usr/lib/libcrypto.35.dylib
0x000000001c29a000 	/usr/lib/libssl.35.dylib
0x000000001c29a000 	/System/Library/Frameworks/LDAP.framework/Versions/A/LDAP
0x000000001c29a000 	/System/Library/PrivateFrameworks/TrustEvaluationAgent.framework/Versions/A/TrustEvaluationAgent
0x000000001c29a000 	/usr/lib/libsasl2.2.dylib
0x000000001c29a000 	/System/Library/PrivateFrameworks/CoreDaemon.framework/Versions/B/CoreDaemon
0x000000001c29a000 	/System/Library/PrivateFrameworks/AppleSRP.framework/Versions/A/AppleSRP
0x000000001c29a000 	/System/Library/Frameworks/OpenGL.framework/Versions/A/Resources/GLEngine.bundle/GLEngine
0x000000001c29a000 	/System/Library/Frameworks/OpenGL.framework/Versions/A/Libraries/libGLProgrammability.dylib
0x0000000135596000 	/System/Library/Extensions/AppleIntelKBLGraphicsGLDriver.bundle/Contents/MacOS/AppleIntelKBLGraphicsGLDriver
0x000000001c29a000 	/System/Library/PrivateFrameworks/GPUSupport.framework/Versions/A/Libraries/libGPUSupportMercury.dylib
0x0000000136751000 	/System/Library/Extensions/AMDRadeonX4000GLDriver.bundle/Contents/MacOS/AMDRadeonX4000GLDriver
0x000000001c29a000 	/System/Library/Extensions/AMDRadeonX4000GLDriver.bundle/Contents/MacOS/ATIRadeonX4000SCLib.dylib
0x000000001c29a000 	/System/Library/Frameworks/OpenGL.framework/Versions/A/Resources/GLRendererFloat.bundle/GLRendererFloat
0x000000001c29a000 	/System/Library/Frameworks/OpenCL.framework/Versions/A/Libraries/libcldcpuengine.dylib
0x0000000136e4c000 	/Library/Java/JavaVirtualMachines/jdk1.8.0_91.jdk/Contents/Home/jre/lib/libfontmanager.dylib
0x0000000136eb3000 	/Library/Java/JavaVirtualMachines/jdk1.8.0_91.jdk/Contents/Home/jre/lib/libosxui.dylib
0x000000001c29a000 	/System/Library/PrivateFrameworks/ViewBridge.framework/Versions/A/ViewBridge
0x000000013841f000 	/Library/Java/JavaVirtualMachines/jdk1.8.0_91.jdk/Contents/Home/jre/lib/libnet.dylib
0x00000001385d9000 	/Library/Java/JavaVirtualMachines/jdk1.8.0_91.jdk/Contents/Home/jre/lib/libnio.dylib
0x00000001a3636000 	/Library/Java/JavaVirtualMachines/jdk1.8.0_91.jdk/Contents/Home/jre/lib/libdcpr.dylib
0x00000001131a5000 	/private/var/folders/0q/4cf1pm9j47n57g1ymskw0mjc0000gn/T/jblas4018596527994311978/libjblas_arch_flavor.dylib
0x00000001a8a3d000 	/private/var/folders/0q/4cf1pm9j47n57g1ymskw0mjc0000gn/T/jblas4018596527994311978/libjblas.dylib

VM Arguments:
jvm_args: -Dfile.encoding=UTF-8 
java_command: com.hijizhou.imagej.PureLetDeconv2D
java_class_path (initial): /Library/Java/JavaVirtualMachines/jdk1.8.0_91.jdk/Contents/Home/jre/lib/charsets.jar:/Library/Java/JavaVirtualMachines/jdk1.8.0_91.jdk/Contents/Home/jre/lib/deploy.jar:/Library/Java/JavaVirtualMachines/jdk1.8.0_91.jdk/Contents/Home/jre/lib/ext/cldrdata.jar:/Library/Java/JavaVirtualMachines/jdk1.8.0_91.jdk/Contents/Home/jre/lib/ext/dnsns.jar:/Library/Java/JavaVirtualMachines/jdk1.8.0_91.jdk/Contents/Home/jre/lib/ext/jaccess.jar:/Library/Java/JavaVirtualMachines/jdk1.8.0_91.jdk/Contents/Home/jre/lib/ext/jfxrt.jar:/Library/Java/JavaVirtualMachines/jdk1.8.0_91.jdk/Contents/Home/jre/lib/ext/localedata.jar:/Library/Java/JavaVirtualMachines/jdk1.8.0_91.jdk/Contents/Home/jre/lib/ext/nashorn.jar:/Library/Java/JavaVirtualMachines/jdk1.8.0_91.jdk/Contents/Home/jre/lib/ext/sunec.jar:/Library/Java/JavaVirtualMachines/jdk1.8.0_91.jdk/Contents/Home/jre/lib/ext/sunjce_provider.jar:/Library/Java/JavaVirtualMachines/jdk1.8.0_91.jdk/Contents/Home/jre/lib/ext/sunpkcs11.jar:/Library/Java/JavaVirtualMachines/jdk1.8.0_91.jdk/Contents/Home/jre/lib/ext/zipfs.jar:/Library/Java/JavaVirtualMachines/jdk1.8.0_91.jdk/Contents/Home/jre/lib/javaws.jar:/Library/Java/JavaVirtualMachines/jdk1.8.0_91.jdk/Contents/Home/jre/lib/jce.jar:/Library/Java/JavaVirtualMachines/jdk1.8.0_91.jdk/Contents/Home/jre/lib/jfr.jar:/Library/Java/JavaVirtualMachines/jdk1.8.0_91.jdk/Contents/Home/jre/lib/jfxswt.jar:/Library/Java/JavaVirtualMachines/jdk1.8.0_91.jdk/Contents/Home/jre/lib/jsse.jar:/Library/Java/JavaVirtualMachines/jdk1.8.0_91.jdk/Contents/Home/jre/lib/management-agent.jar:/Library/Java/JavaVirtualMachines/jdk1.8.0_91.jdk/Contents/Home/jre/lib/plugin.jar:/Library/Java/JavaVirtualMachines/jdk1.8.0_91.jdk/Contents/Home/jre/lib/resources.jar:/Library/Java/JavaVirtualMachines/jdk1.8.0_91.jdk/Contents/Home/jre/lib/rt.jar:/Library/Java/JavaVirtualMachines/jdk1.8.0_91.jdk/Contents/Home/lib/ant-javafx.jar:/Library/Java/JavaVirtualMachines/jdk1.8.0_91.jdk/Contents/Home/lib/dt.jar:/Library/Ja
Launcher Type: SUN_STANDARD

Environment Variables:
PATH=/usr/local/bin:/usr/bin:/bin:/usr/sbin:/sbin:/Library/TeX/texbin
SHELL=/bin/bash

Signal Handlers:
SIGSEGV: [libjvm.dylib+0x5a97a1], sa_mask[0]=11111111011111110111111111111111, sa_flags=SA_ONSTACK|SA_RESTART|SA_SIGINFO
SIGBUS: [libjvm.dylib+0x5a97a1], sa_mask[0]=11111111011111110111111111111111, sa_flags=SA_RESTART|SA_SIGINFO
SIGFPE: [libjvm.dylib+0x482594], sa_mask[0]=11111111011111110111111111111111, sa_flags=SA_RESTART|SA_SIGINFO
SIGPIPE: [libjvm.dylib+0x482594], sa_mask[0]=11111111011111110111111111111111, sa_flags=SA_RESTART|SA_SIGINFO
SIGXFSZ: [libjvm.dylib+0x482594], sa_mask[0]=11111111011111110111111111111111, sa_flags=SA_RESTART|SA_SIGINFO
SIGILL: [libjvm.dylib+0x482594], sa_mask[0]=11111111011111110111111111111111, sa_flags=SA_RESTART|SA_SIGINFO
SIGUSR1: SIG_DFL, sa_mask[0]=00000000000000000000000000000000, sa_flags=none
SIGUSR2: [libjvm.dylib+0x4820b2], sa_mask[0]=00100000000000000000000000000000, sa_flags=SA_RESTART|SA_SIGINFO
SIGHUP: [libjvm.dylib+0x480689], sa_mask[0]=11111111011111110111111111111111, sa_flags=SA_RESTART|SA_SIGINFO
SIGINT: [libjvm.dylib+0x480689], sa_mask[0]=11111111011111110111111111111111, sa_flags=SA_RESTART|SA_SIGINFO
SIGTERM: [libjvm.dylib+0x480689], sa_mask[0]=11111111011111110111111111111111, sa_flags=SA_RESTART|SA_SIGINFO
SIGQUIT: [libjvm.dylib+0x480689], sa_mask[0]=11111111011111110111111111111111, sa_flags=SA_RESTART|SA_SIGINFO


---------------  S Y S T E M  ---------------

OS:Bsduname:Darwin 17.7.0 Darwin Kernel Version 17.7.0: Fri Jul  6 19:54:51 PDT 2018; root:xnu-4570.71.3~2/RELEASE_X86_64 x86_64
rlimit: STACK 8192k, CORE 0k, NPROC 2837, NOFILE 10240, AS infinity
load average:3.40 3.24 2.79

CPU:total 12 (6 cores per cpu, 2 threads per core) family 6 model 158 stepping 10, cmov, cx8, fxsr, mmx, sse, sse2, sse3, ssse3, sse4.1, sse4.2, popcnt, avx, avx2, aes, clmul, erms, rtm, 3dnowpref, lzcnt, ht, tsc, tscinvbit, bmi1, bmi2, adx

Memory: 4k page, physical 33554432k(401696k free)

/proc/meminfo:


vm_info: Java HotSpot(TM) 64-Bit Server VM (25.91-b14) for bsd-amd64 JRE (1.8.0_91-b14), built on Apr  1 2016 01:03:00 by "java_re" with gcc 4.2.1 (Based on Apple Inc. build 5658) (LLVM build 2336.11.00)

time: Tue Sep 25 15:31:51 2018
elapsed time: 6 seconds (0d 0h 0m 6s)

