#
# A fatal error has been detected by the Java Runtime Environment:
#
#  SIGBUS (0xa) at pc=0x00000001aef1ca3d, pid=24317, tid=128575
#
# JRE version: Java(TM) SE Runtime Environment (8.0_91-b14) (build 1.8.0_91-b14)
# Java VM: Java HotSpot(TM) 64-Bit Server VM (25.91-b14 mixed mode bsd-amd64 compressed oops)
# Problematic frame:
# C  [libjblas.dylib+0x2cfa3d]  ATL_zJIK32x32x32NN0x0x0_a1_b0+0x4bd
#
# Failed to write core dump. Core dumps have been disabled. To enable core dumping, try "ulimit -c unlimited" before starting Java again
#
# If you would like to submit a bug report, please visit:
#   http://bugreport.java.com/bugreport/crash.jsp
# The crash happened outside the Java Virtual Machine in native code.
# See problematic frame for where to report the bug.
#

---------------  T H R E A D  ---------------

Current thread (0x00007fac6988e800):  JavaThread "Thread-0" [_thread_in_native, id=128575, stack(0x000070000584a000,0x000070000594a000)]

siginfo: si_signo: 10 (SIGBUS), si_code: 2 (BUS_ADRERR), si_addr: 0x0000000137cc5000

Registers:
RAX=0x00000001b301a008, RBX=0x0000000137cc5000, RCX=0x00000001b101a188, RDX=0x00000001b3c1a008
RSP=0x0000700005948d78, RBP=0x00000001b301a008, RSI=0x0000000000000200, RDI=0x00000001b201a008
R8 =0x0000000000300000, R9 =0x00000001b3c1a008, R10=0x0000000000020000, R11=0xffffffffffc00018
R12=0x0000000002000000, R13=0x0000000137cc5000, R14=0x0000000000200000, R15=0x0000000000400000
RIP=0x00000001aef1ca3d, EFLAGS=0x0000000000010246, ERR=0x0000000000000006
  TRAPNO=0x000000000000000e

Top of Stack: (sp=0x0000700005948d78)
0x0000700005948d78:   0000000137cc5008 00000001b101a008
0x0000700005948d88:   00000001b3c1a000 0000000137cc5000
0x0000700005948d98:   00000001b101a000 00000001b3c1a008
0x0000700005948da8:   00000001af0b197f 000000000000002c
0x0000700005948db8:   0000000137cc5000 00007fac00010000
0x0000700005948dc8:   0000700005949008 00007000059490b0
0x0000700005948dd8:   00007fac6988e800 00007fac6988e800
0x0000700005948de8:   00007fac72117750 0000000000200000
0x0000700005948df8:   0000080000010000 00007000059492e0
0x0000700005948e08:   00010000100848ab 0000000000010000
0x0000700005948e18:   0001000010084aa9 0000006f00000800
0x0000700005948e28:   0000006f00000001 0000000000000800
0x0000700005948e38:   0000000000100000 000008000001001f
0x0000700005948e48:   00000000003e0000 fffffffffffe0000
0x0000700005948e58:   0000000000000b00 0000000137dc5000
0x0000700005948e68:   000000001013489a 0000000000000000
0x0000700005948e78:   0200000000000000 0000020000000000
0x0000700005948e88:   0000020000000200 0200000002000000
0x0000700005948e98:   0000000000400001 0000000000000041
0x0000700005948ea8:   000000010000000c 00007fac0000004b
0x0000700005948eb8:   0000000000000800 ffffffffffffffc0
0x0000700005948ec8:   ffffffffffc00040 0000000000000040
0x0000700005948ed8:   000000010fd699d5 0000000000400000
0x0000700005948ee8:   00000001aef1c580 00000001aef1c580
0x0000700005948ef8:   00000007c023bd90 0000700005948f50
0x0000700005948f08:   000000200fe41fd1 0000000000000000
0x0000700005948f18:   0000000000000000 0000002ca9be5c18
0x0000700005948f28:   00000001aef1bd80 0000000005948f50
0x0000700005948f38:   00000001aef1d840 00000001aef1e190
0x0000700005948f48:   0000000000000200 0000000002000000
0x0000700005948f58:   00000001aef1d840 00000001aef1e190
0x0000700005948f68:   0000000ca9be6258 00000001aef1adb0 

Instructions: (pc=0x00000001aef1ca3d)
0x00000001aef1ca1d:   e2 f2 46 0f 59 2c 00 f2 45 0f 58 ec 4c 01 f8 48
0x00000001aef1ca2d:   83 c6 40 48 81 fe 00 02 00 00 0f 85 83 fc ff ff
0x00000001aef1ca3d:   f2 45 0f 11 6d 00 f2 45 0f 11 4d 10 f2 45 0f 11
0x00000001aef1ca4d:   45 20 f2 41 0f 11 7d 30 f2 41 0f 11 75 40 f2 41 

Register to memory mapping:

RAX=0x00000001b301a008 is an unknown value
RBX=0x0000000137cc5000 is an unknown value
RCX=0x00000001b101a188 is an unknown value
RDX=0x00000001b3c1a008 is an unknown value
RSP=0x0000700005948d78 is pointing into the stack for thread: 0x00007fac6988e800
RBP=0x00000001b301a008 is an unknown value
RSI=0x0000000000000200 is an unknown value
RDI=0x00000001b201a008 is an unknown value
R8 =0x0000000000300000 is an unknown value
R9 =0x00000001b3c1a008 is an unknown value
R10=0x0000000000020000 is an unknown value
R11=0xffffffffffc00018 is an unknown value
R12=0x0000000002000000 is an unknown value
R13=0x0000000137cc5000 is an unknown value
R14=0x0000000000200000 is an unknown value
R15=0x0000000000400000 is an unknown value


Stack: [0x000070000584a000,0x000070000594a000],  sp=0x0000700005948d78,  free space=1019k
Native frames: (J=compiled Java code, j=interpreted, Vv=VM code, C=native code)
C  [libjblas.dylib+0x2cfa3d]  ATL_zJIK32x32x32NN0x0x0_a1_b0+0x4bd

Java frames: (J=compiled Java code, j=interpreted, Vv=VM code)
j  org.jblas.NativeBlas.zgemm(CCIIILorg/jblas/ComplexDouble;[DII[DIILorg/jblas/ComplexDouble;[DII)V+0
j  org.jblas.SimpleBlas.gemm(Lorg/jblas/ComplexDouble;Lorg/jblas/ComplexDoubleMatrix;Lorg/jblas/ComplexDoubleMatrix;Lorg/jblas/ComplexDouble;Lorg/jblas/ComplexDoubleMatrix;)Lorg/jblas/ComplexDoubleMatrix;+49
j  org.jblas.ComplexDoubleMatrix.mmuli(Lorg/jblas/ComplexDoubleMatrix;Lorg/jblas/ComplexDoubleMatrix;)Lorg/jblas/ComplexDoubleMatrix;+136
j  com.hijizhou.cores.deconvolution.MW_PURE_LET2D.doDeconvolution()Z+948
j  com.hijizhou.imagej.PureLetDeconv2D.runRun()V+301
j  com.hijizhou.imagej.PureLetDeconv2D$3.run()V+4
j  java.lang.Thread.run()V+11
v  ~StubRoutines::call_stub

---------------  P R O C E S S  ---------------

Java Threads: ( => current thread )
  0x00007fac6b728000 JavaThread "pool-1-thread-105" daemon [_thread_blocked, id=84487, stack(0x000070000fb2d000,0x000070000fc2d000)]
  0x00007fac6abea800 JavaThread "pool-1-thread-104" daemon [_thread_blocked, id=84743, stack(0x000070000fa2a000,0x000070000fb2a000)]
  0x00007fac6d022000 JavaThread "pool-1-thread-101" daemon [_thread_blocked, id=62731, stack(0x000070000512c000,0x000070000522c000)]
  0x00007fac68164800 JavaThread "pool-1-thread-103" daemon [_thread_blocked, id=14343, stack(0x0000700004e9d000,0x0000700004f9d000)]
  0x00007fac6a22f800 JavaThread "pool-1-thread-102" daemon [_thread_blocked, id=3847, stack(0x000070000344c000,0x000070000354c000)]
  0x00007fac6d97f800 JavaThread "pool-2-thread-47" [_thread_blocked, id=177923, stack(0x000070000f927000,0x000070000fa27000)]
  0x00007fac6abe0800 JavaThread "pool-2-thread-46" [_thread_blocked, id=177411, stack(0x000070000f824000,0x000070000f924000)]
  0x00007fac730c7000 JavaThread "pool-2-thread-45" [_thread_blocked, id=176899, stack(0x000070000f721000,0x000070000f821000)]
  0x00007fac6a230800 JavaThread "pool-1-thread-100" daemon [_thread_blocked, id=176387, stack(0x000070000f61e000,0x000070000f71e000)]
  0x00007fac6ac66800 JavaThread "pool-1-thread-99" daemon [_thread_blocked, id=175875, stack(0x000070000f51b000,0x000070000f61b000)]
  0x00007fac6a1ea800 JavaThread "pool-1-thread-98" daemon [_thread_blocked, id=216323, stack(0x000070000f418000,0x000070000f518000)]
  0x00007fac6d020000 JavaThread "pool-1-thread-97" daemon [_thread_blocked, id=216835, stack(0x000070000f315000,0x000070000f415000)]
  0x00007fac6b727000 JavaThread "pool-1-thread-95" daemon [_thread_blocked, id=175363, stack(0x000070000f212000,0x000070000f312000)]
  0x00007fac6a22f000 JavaThread "pool-1-thread-96" daemon [_thread_blocked, id=217603, stack(0x000070000f10f000,0x000070000f20f000)]
  0x00007fac7301c800 JavaThread "pool-1-thread-94" daemon [_thread_blocked, id=217859, stack(0x000070000f00c000,0x000070000f10c000)]
  0x00007fac67ad5000 JavaThread "pool-1-thread-93" daemon [_thread_blocked, id=218115, stack(0x000070000ef09000,0x000070000f009000)]
  0x00007fac6ac6f000 JavaThread "pool-2-thread-44" [_thread_blocked, id=152579, stack(0x000070000ee06000,0x000070000ef06000)]
  0x00007fac6ac6e800 JavaThread "pool-2-thread-43" [_thread_blocked, id=152323, stack(0x000070000ed03000,0x000070000ee03000)]
  0x00007fac67857000 JavaThread "pool-2-thread-41" [_thread_blocked, id=151811, stack(0x000070000ec00000,0x000070000ed00000)]
  0x00007fac6a181800 JavaThread "pool-2-thread-40" [_thread_blocked, id=151299, stack(0x000070000eafd000,0x000070000ebfd000)]
  0x00007fac6b705000 JavaThread "pool-2-thread-42" [_thread_blocked, id=153091, stack(0x000070000e9fa000,0x000070000eafa000)]
  0x00007fac6983b000 JavaThread "pool-2-thread-39" [_thread_blocked, id=150787, stack(0x000070000e8f7000,0x000070000e9f7000)]
  0x00007fac7301e000 JavaThread "pool-2-thread-38" [_thread_blocked, id=150531, stack(0x000070000e7f4000,0x000070000e8f4000)]
  0x00007fac6b702000 JavaThread "pool-2-thread-37" [_thread_blocked, id=150019, stack(0x000070000e6f1000,0x000070000e7f1000)]
  0x00007fac73020800 JavaThread "pool-2-thread-36" [_thread_blocked, id=154123, stack(0x000070000e5ee000,0x000070000e6ee000)]
  0x00007fac6d06d800 JavaThread "pool-1-thread-92" daemon [_thread_blocked, id=149507, stack(0x000070000e4eb000,0x000070000e5eb000)]
  0x00007fac6abf7800 JavaThread "pool-1-thread-91" daemon [_thread_blocked, id=154371, stack(0x000070000e3e8000,0x000070000e4e8000)]
  0x00007fac6abf6800 JavaThread "pool-1-thread-90" daemon [_thread_blocked, id=148995, stack(0x000070000e2e5000,0x000070000e3e5000)]
  0x00007fac6abf6000 JavaThread "pool-1-thread-89" daemon [_thread_blocked, id=155139, stack(0x000070000e1e2000,0x000070000e2e2000)]
  0x00007fac6abf5000 JavaThread "pool-1-thread-88" daemon [_thread_blocked, id=155395, stack(0x000070000e0df000,0x000070000e1df000)]
  0x00007fac6d81a800 JavaThread "pool-1-thread-86" daemon [_thread_blocked, id=148227, stack(0x000070000dfdc000,0x000070000e0dc000)]
  0x00007fac6c085000 JavaThread "pool-1-thread-87" daemon [_thread_blocked, id=147715, stack(0x000070000ded9000,0x000070000dfd9000)]
  0x00007fac6884b800 JavaThread "pool-1-thread-85" daemon [_thread_blocked, id=155651, stack(0x000070000ddd6000,0x000070000ded6000)]
  0x00007fac73031000 JavaThread "pool-1-thread-73" daemon [_thread_blocked, id=147203, stack(0x000070000dcd3000,0x000070000ddd3000)]
  0x00007fac683c7000 JavaThread "pool-1-thread-72" daemon [_thread_blocked, id=156419, stack(0x000070000dbd0000,0x000070000dcd0000)]
  0x00007fac6a809800 JavaThread "pool-1-thread-71" daemon [_thread_blocked, id=146691, stack(0x000070000dacd000,0x000070000dbcd000)]
  0x00007fac698b8800 JavaThread "pool-1-thread-68" daemon [_thread_blocked, id=156675, stack(0x000070000d9ca000,0x000070000daca000)]
  0x00007fac73030800 JavaThread "pool-1-thread-84" daemon [_thread_blocked, id=156931, stack(0x000070000d8c7000,0x000070000d9c7000)]
  0x00007fac7302f800 JavaThread "pool-1-thread-83" daemon [_thread_blocked, id=157187, stack(0x000070000d7c4000,0x000070000d8c4000)]
  0x00007fac7302f000 JavaThread "pool-1-thread-82" daemon [_thread_blocked, id=157443, stack(0x000070000d6c1000,0x000070000d7c1000)]
  0x00007fac7302e000 JavaThread "pool-1-thread-81" daemon [_thread_blocked, id=157955, stack(0x000070000d5be000,0x000070000d6be000)]
  0x00007fac7302d800 JavaThread "pool-1-thread-80" daemon [_thread_blocked, id=158211, stack(0x000070000d4bb000,0x000070000d5bb000)]
  0x00007fac7302c800 JavaThread "pool-1-thread-79" daemon [_thread_blocked, id=145155, stack(0x000070000d3b8000,0x000070000d4b8000)]
  0x00007fac7302c000 JavaThread "pool-1-thread-78" daemon [_thread_blocked, id=144899, stack(0x000070000d2b5000,0x000070000d3b5000)]
  0x00007fac6b7d3000 JavaThread "pool-1-thread-77" daemon [_thread_blocked, id=159235, stack(0x000070000d1b2000,0x000070000d2b2000)]
  0x00007fac6b7d2000 JavaThread "pool-1-thread-76" daemon [_thread_blocked, id=144387, stack(0x000070000d0af000,0x000070000d1af000)]
  0x00007fac73025000 JavaThread "pool-1-thread-75" daemon [_thread_blocked, id=159747, stack(0x000070000cfac000,0x000070000d0ac000)]
  0x00007fac6a823000 JavaThread "pool-1-thread-74" daemon [_thread_blocked, id=144131, stack(0x000070000cea9000,0x000070000cfa9000)]
  0x00007fac73024800 JavaThread "pool-1-thread-67" daemon [_thread_blocked, id=160259, stack(0x000070000cda6000,0x000070000cea6000)]
  0x00007fac6884a800 JavaThread "pool-1-thread-69" daemon [_thread_blocked, id=143619, stack(0x000070000cca3000,0x000070000cda3000)]
  0x00007fac6a24b800 JavaThread "pool-1-thread-70" daemon [_thread_blocked, id=143363, stack(0x000070000cba0000,0x000070000cca0000)]
  0x00007fac6837e800 JavaThread "pool-1-thread-66" daemon [_thread_blocked, id=161283, stack(0x000070000ca9d000,0x000070000cb9d000)]
  0x00007fac6c086800 JavaThread "pool-1-thread-65" daemon [_thread_blocked, id=143107, stack(0x000070000c99a000,0x000070000ca9a000)]
  0x00007fac6c87b000 JavaThread "pool-1-thread-64" daemon [_thread_blocked, id=162051, stack(0x000070000c897000,0x000070000c997000)]
  0x00007fac6c87a800 JavaThread "pool-1-thread-63" daemon [_thread_blocked, id=142595, stack(0x000070000c794000,0x000070000c894000)]
  0x00007fac68827800 JavaThread "pool-1-thread-62" daemon [_thread_blocked, id=162563, stack(0x000070000c691000,0x000070000c791000)]
  0x00007fac68827000 JavaThread "pool-1-thread-61" daemon [_thread_blocked, id=142083, stack(0x000070000c58e000,0x000070000c68e000)]
  0x00007fac6d81a000 JavaThread "pool-1-thread-58" daemon [_thread_blocked, id=141827, stack(0x000070000c48b000,0x000070000c58b000)]
  0x00007fac6c879800 JavaThread "pool-1-thread-60" daemon [_thread_blocked, id=163075, stack(0x000070000c388000,0x000070000c488000)]
  0x00007fac6c879000 JavaThread "pool-1-thread-59" daemon [_thread_blocked, id=163587, stack(0x000070000c285000,0x000070000c385000)]
  0x00007fac6a808800 JavaThread "pool-1-thread-57" daemon [_thread_blocked, id=141059, stack(0x000070000c182000,0x000070000c282000)]
  0x00007fac68826000 JavaThread "pool-1-thread-56" daemon [_thread_blocked, id=140547, stack(0x000070000c07f000,0x000070000c17f000)]
  0x00007fac6d83a800 JavaThread "pool-1-thread-55" daemon [_thread_blocked, id=163843, stack(0x000070000bf7c000,0x000070000c07c000)]
  0x00007fac6a24a000 JavaThread "pool-1-thread-54" daemon [_thread_blocked, id=164355, stack(0x000070000be79000,0x000070000bf79000)]
  0x00007fac6c878000 JavaThread "pool-2-thread-35" [_thread_blocked, id=164611, stack(0x000070000bd76000,0x000070000be76000)]
  0x00007fac6c877800 JavaThread "pool-1-thread-53" daemon [_thread_blocked, id=164867, stack(0x000070000bc73000,0x000070000bd73000)]
  0x00007fac68825800 JavaThread "pool-2-thread-34" [_thread_blocked, id=165123, stack(0x000070000bb70000,0x000070000bc70000)]
  0x00007fac68824800 JavaThread "pool-2-thread-33" [_thread_blocked, id=139267, stack(0x000070000ba6d000,0x000070000bb6d000)]
  0x00007fac6c876800 JavaThread "pool-2-thread-32" [_thread_blocked, id=139011, stack(0x000070000b96a000,0x000070000ba6a000)]
  0x00007fac6c85a800 JavaThread "pool-1-thread-52" daemon [_thread_blocked, id=138755, stack(0x000070000b867000,0x000070000b967000)]
  0x00007fac73022800 JavaThread "pool-1-thread-51" daemon [_thread_blocked, id=166403, stack(0x000070000b764000,0x000070000b864000)]
  0x00007fac73022000 JavaThread "pool-1-thread-50" daemon [_thread_blocked, id=166659, stack(0x000070000b661000,0x000070000b761000)]
  0x00007fac6c041000 JavaThread "pool-1-thread-49" daemon [_thread_blocked, id=137987, stack(0x000070000b55e000,0x000070000b65e000)]
  0x00007fac6c040000 JavaThread "pool-2-thread-24" [_thread_blocked, id=166915, stack(0x000070000b45b000,0x000070000b55b000)]
  0x00007fac6c03f800 JavaThread "pool-2-thread-23" [_thread_blocked, id=167427, stack(0x000070000b358000,0x000070000b458000)]
  0x00007fac6b805000 JavaThread "pool-2-thread-25" [_thread_blocked, id=167683, stack(0x000070000b255000,0x000070000b355000)]
  0x00007fac6c03e800 JavaThread "pool-2-thread-30" [_thread_blocked, id=168195, stack(0x000070000b152000,0x000070000b252000)]
  0x00007fac68800800 JavaThread "pool-2-thread-21" [_thread_blocked, id=137219, stack(0x000070000b04f000,0x000070000b14f000)]
  0x00007fac6a199000 JavaThread "pool-2-thread-31" [_thread_blocked, id=168963, stack(0x000070000af4c000,0x000070000b04c000)]
  0x00007fac7301f800 JavaThread "pool-2-thread-27" [_thread_blocked, id=136707, stack(0x000070000ae49000,0x000070000af49000)]
  0x00007fac6d819000 JavaThread "pool-2-thread-29" [_thread_blocked, id=136195, stack(0x000070000ad46000,0x000070000ae46000)]
  0x00007fac698b8000 JavaThread "pool-2-thread-28" [_thread_blocked, id=135939, stack(0x000070000ac43000,0x000070000ad43000)]
  0x00007fac6a289000 JavaThread "pool-2-thread-26" [_thread_blocked, id=135427, stack(0x000070000ab40000,0x000070000ac40000)]
  0x00007fac6c03d000 JavaThread "pool-2-thread-22" [_thread_blocked, id=169731, stack(0x000070000aa3d000,0x000070000ab3d000)]
  0x00007fac6b853000 JavaThread "pool-2-thread-14" [_thread_blocked, id=134915, stack(0x000070000a93a000,0x000070000aa3a000)]
  0x00007fac6c03b000 JavaThread "pool-2-thread-13" [_thread_blocked, id=170243, stack(0x000070000a837000,0x000070000a937000)]
  0x00007fac6d80d000 JavaThread "pool-1-thread-45" daemon [_thread_blocked, id=170755, stack(0x000070000a734000,0x000070000a834000)]
  0x00007fac6c03a000 JavaThread "pool-1-thread-47" daemon [_thread_blocked, id=171011, stack(0x000070000a631000,0x000070000a731000)]
  0x00007fac6b804800 JavaThread "pool-1-thread-48" daemon [_thread_blocked, id=171523, stack(0x000070000a52e000,0x000070000a62e000)]
  0x00007fac67937800 JavaThread "pool-2-thread-18" [_thread_blocked, id=134403, stack(0x000070000a42b000,0x000070000a52b000)]
  0x00007fac68807000 JavaThread "pool-2-thread-20" [_thread_blocked, id=133891, stack(0x000070000a328000,0x000070000a428000)]
  0x00007fac6838e000 JavaThread "pool-2-thread-19" [_thread_blocked, id=133379, stack(0x000070000a225000,0x000070000a325000)]
  0x00007fac6d80e000 JavaThread "pool-2-thread-17" [_thread_blocked, id=132867, stack(0x000070000a122000,0x000070000a222000)]
  0x00007fac7301d800 JavaThread "pool-2-thread-16" [_thread_blocked, id=132611, stack(0x000070000a01f000,0x000070000a11f000)]
  0x00007fac68805000 JavaThread "pool-2-thread-15" [_thread_blocked, id=172291, stack(0x0000700009f1c000,0x000070000a01c000)]
  0x00007fac6c038800 JavaThread "pool-1-thread-46" daemon [_thread_blocked, id=172547, stack(0x0000700009e19000,0x0000700009f19000)]
  0x00007fac6a81f800 JavaThread "pool-1-thread-44" daemon [_thread_blocked, id=173059, stack(0x0000700009d16000,0x0000700009e16000)]
  0x00007fac6c85e000 JavaThread "pool-1-thread-43" daemon [_thread_blocked, id=131843, stack(0x0000700009c13000,0x0000700009d13000)]
  0x00007fac73029000 JavaThread "pool-1-thread-41" daemon [_thread_blocked, id=173827, stack(0x0000700009b10000,0x0000700009c10000)]
  0x00007fac6c039800 JavaThread "pool-1-thread-42" daemon [_thread_blocked, id=131331, stack(0x0000700009a0d000,0x0000700009b0d000)]
  0x00007fac6b809800 JavaThread "pool-1-thread-40" daemon [_thread_blocked, id=174339, stack(0x000070000990a000,0x0000700009a0a000)]
  0x00007fac6c858000 JavaThread "pool-1-thread-39" daemon [_thread_blocked, id=105731, stack(0x0000700009807000,0x0000700009907000)]
  0x00007fac6d80b000 JavaThread "pool-1-thread-38" daemon [_thread_blocked, id=106243, stack(0x0000700009704000,0x0000700009804000)]
  0x00007fac67936000 JavaThread "pool-1-thread-37" daemon [_thread_blocked, id=106755, stack(0x0000700009601000,0x0000700009701000)]
  0x00007fac6d81c000 JavaThread "pool-1-thread-36" daemon [_thread_blocked, id=107011, stack(0x00007000094fe000,0x00007000095fe000)]
  0x00007fac6c856800 JavaThread "pool-1-thread-35" daemon [_thread_blocked, id=107523, stack(0x00007000093fb000,0x00007000094fb000)]
  0x00007fac699e8000 JavaThread "pool-1-thread-34" daemon [_thread_blocked, id=108035, stack(0x00007000092f8000,0x00007000093f8000)]
  0x00007fac6b808000 JavaThread "pool-1-thread-31" daemon [_thread_blocked, id=108547, stack(0x00007000091f5000,0x00007000092f5000)]
  0x00007fac6a287000 JavaThread "pool-1-thread-33" daemon [_thread_blocked, id=109059, stack(0x00007000090f2000,0x00007000091f2000)]
  0x00007fac6a286800 JavaThread "pool-1-thread-32" daemon [_thread_blocked, id=109315, stack(0x0000700008fef000,0x00007000090ef000)]
  0x00007fac6d81d000 JavaThread "pool-1-thread-30" daemon [_thread_blocked, id=104707, stack(0x0000700008eec000,0x0000700008fec000)]
  0x00007fac6a820800 JavaThread "pool-1-thread-29" daemon [_thread_blocked, id=109827, stack(0x0000700008de9000,0x0000700008ee9000)]
  0x00007fac6838d000 JavaThread "pool-1-thread-27" daemon [_thread_blocked, id=104451, stack(0x0000700008ce6000,0x0000700008de6000)]
  0x00007fac679e3000 JavaThread "pool-1-thread-28" daemon [_thread_blocked, id=104195, stack(0x0000700008be3000,0x0000700008ce3000)]
  0x00007fac6a81e800 JavaThread "pool-1-thread-22" daemon [_thread_blocked, id=110851, stack(0x0000700008ae0000,0x0000700008be0000)]
  0x00007fac7302b000 JavaThread "pool-1-thread-26" daemon [_thread_blocked, id=103939, stack(0x00007000089dd000,0x0000700008add000)]
  0x00007fac6838a800 JavaThread "pool-1-thread-21" daemon [_thread_blocked, id=103427, stack(0x00007000088da000,0x00007000089da000)]
  0x00007fac698bc800 JavaThread "pool-1-thread-20" daemon [_thread_blocked, id=103171, stack(0x00007000087d7000,0x00007000088d7000)]
  0x00007fac679e1800 JavaThread "pool-1-thread-19" daemon [_thread_blocked, id=111875, stack(0x00007000086d4000,0x00007000087d4000)]
  0x00007fac6c043800 JavaThread "pool-1-thread-25" daemon [_thread_blocked, id=102915, stack(0x00007000085d1000,0x00007000086d1000)]
  0x00007fac6a81d800 JavaThread "pool-1-thread-24" daemon [_thread_blocked, id=112387, stack(0x00007000084ce000,0x00007000085ce000)]
  0x00007fac6a81d000 JavaThread "pool-1-thread-17" daemon [_thread_blocked, id=112643, stack(0x00007000083cb000,0x00007000084cb000)]
  0x00007fac6c042800 JavaThread "pool-1-thread-23" daemon [_thread_blocked, id=101891, stack(0x00007000082c8000,0x00007000083c8000)]
  0x00007fac6880f800 JavaThread "pool-1-thread-14" daemon [_thread_blocked, id=101379, stack(0x00007000081c5000,0x00007000082c5000)]
  0x00007fac6880e800 JavaThread "pool-1-thread-18" daemon [_thread_blocked, id=113155, stack(0x00007000080c2000,0x00007000081c2000)]
  0x00007fac6c042000 JavaThread "pool-1-thread-16" daemon [_thread_blocked, id=100867, stack(0x0000700007fbf000,0x00007000080bf000)]
  0x00007fac6a81c000 JavaThread "pool-1-thread-15" daemon [_thread_blocked, id=100611, stack(0x0000700007ebc000,0x0000700007fbc000)]
  0x00007fac7302a800 JavaThread "pool-1-thread-13" daemon [_thread_blocked, id=100355, stack(0x0000700007db9000,0x0000700007eb9000)]
  0x00007fac6d017000 JavaThread "pool-2-thread-12" [_thread_blocked, id=97283, stack(0x0000700007092000,0x0000700007192000)]
  0x00007fac6c853800 JavaThread "pool-2-thread-11" [_thread_blocked, id=117763, stack(0x0000700006f8f000,0x000070000708f000)]
  0x00007fac6b801000 JavaThread "pool-2-thread-10" [_thread_blocked, id=118275, stack(0x0000700006e8c000,0x0000700006f8c000)]
  0x00007fac68813000 JavaThread "pool-2-thread-9" [_thread_blocked, id=118531, stack(0x0000700006d89000,0x0000700006e89000)]
  0x00007fac6d012000 JavaThread "pool-2-thread-8" [_thread_blocked, id=96515, stack(0x0000700006c86000,0x0000700006d86000)]
  0x00007fac6aa1b800 JavaThread "pool-2-thread-7" [_thread_blocked, id=96259, stack(0x0000700006b83000,0x0000700006c83000)]
  0x00007fac6837b000 JavaThread "pool-2-thread-6" [_thread_blocked, id=119299, stack(0x0000700006a80000,0x0000700006b80000)]
  0x00007fac6a108800 JavaThread "pool-2-thread-5" [_thread_blocked, id=119811, stack(0x000070000697d000,0x0000700006a7d000)]
  0x00007fac73018000 JavaThread "pool-2-thread-4" [_thread_blocked, id=96003, stack(0x000070000687a000,0x000070000697a000)]
  0x00007fac73017000 JavaThread "pool-2-thread-3" [_thread_blocked, id=120579, stack(0x0000700006777000,0x0000700006877000)]
  0x00007fac6a0eb000 JavaThread "pool-2-thread-2" [_thread_blocked, id=120835, stack(0x0000700006674000,0x0000700006774000)]
  0x00007fac679de800 JavaThread "pool-2-thread-1" [_thread_blocked, id=121347, stack(0x0000700006571000,0x0000700006671000)]
  0x00007fac699de800 JavaThread "pool-1-thread-12" daemon [_thread_blocked, id=121603, stack(0x000070000646e000,0x000070000656e000)]
  0x00007fac6b800000 JavaThread "pool-1-thread-11" daemon [_thread_blocked, id=95235, stack(0x000070000636b000,0x000070000646b000)]
  0x00007fac6c038000 JavaThread "pool-1-thread-10" daemon [_thread_blocked, id=122115, stack(0x0000700006268000,0x0000700006368000)]
  0x00007fac6c037000 JavaThread "pool-1-thread-9" daemon [_thread_blocked, id=94723, stack(0x0000700006165000,0x0000700006265000)]
  0x00007fac6c036800 JavaThread "pool-1-thread-8" daemon [_thread_blocked, id=122627, stack(0x0000700006062000,0x0000700006162000)]
  0x00007fac6aa17800 JavaThread "pool-1-thread-7" daemon [_thread_blocked, id=94211, stack(0x0000700005f5f000,0x000070000605f000)]
  0x00007fac6c853000 JavaThread "pool-1-thread-6" daemon [_thread_blocked, id=123395, stack(0x0000700005e5c000,0x0000700005f5c000)]
  0x00007fac6d800800 JavaThread "pool-1-thread-5" daemon [_thread_blocked, id=93455, stack(0x0000700005d59000,0x0000700005e59000)]
  0x00007fac73016800 JavaThread "pool-1-thread-4" daemon [_thread_blocked, id=94095, stack(0x0000700005c56000,0x0000700005d56000)]
  0x00007fac73012000 JavaThread "pool-1-thread-3" daemon [_thread_blocked, id=90383, stack(0x0000700005b53000,0x0000700005c53000)]
  0x00007fac68374800 JavaThread "pool-1-thread-2" daemon [_thread_blocked, id=91667, stack(0x0000700005a50000,0x0000700005b50000)]
  0x00007fac6a101800 JavaThread "pool-1-thread-1" daemon [_thread_blocked, id=89403, stack(0x000070000594d000,0x0000700005a4d000)]
=>0x00007fac6988e800 JavaThread "Thread-0" [_thread_in_native, id=128575, stack(0x000070000584a000,0x000070000594a000)]
  0x00007fac7300b800 JavaThread "TimerQueue" daemon [_thread_blocked, id=92171, stack(0x0000700005747000,0x0000700005847000)]
  0x00007fac6a001800 JavaThread "DestroyJavaVM" [_thread_blocked, id=6403, stack(0x0000700003552000,0x0000700003652000)]
  0x00007fac698c7800 JavaThread "AWT-EventQueue-0" [_thread_blocked, id=57867, stack(0x00007000055c1000,0x00007000056c1000)]
  0x00007fac698a6000 JavaThread "Java2D Disposer" daemon [_thread_blocked, id=72207, stack(0x00007000054be000,0x00007000055be000)]
  0x00007fac6a9e5000 JavaThread "Java2D Queue Flusher" daemon [_thread_blocked, id=51211, stack(0x00007000053bb000,0x00007000054bb000)]
  0x00007fac6b0d5000 JavaThread "AWT-Shutdown" [_thread_blocked, id=29227, stack(0x0000700004d9a000,0x0000700004e9a000)]
  0x00007fac6a9c0000 JavaThread "AppKit Thread" daemon [_thread_in_native, id=775, stack(0x00007ffee1094000,0x00007ffee1894000)]
  0x00007fac6785a000 JavaThread "Service Thread" daemon [_thread_blocked, id=42755, stack(0x0000700004b94000,0x0000700004c94000)]
  0x00007fac6783f000 JavaThread "C1 CompilerThread3" daemon [_thread_blocked, id=22787, stack(0x0000700004a91000,0x0000700004b91000)]
  0x00007fac6982c800 JavaThread "C2 CompilerThread2" daemon [_thread_blocked, id=22275, stack(0x000070000498e000,0x0000700004a8e000)]
  0x00007fac6982c000 JavaThread "C2 CompilerThread1" daemon [_thread_blocked, id=43267, stack(0x000070000488b000,0x000070000498b000)]
  0x00007fac6982b000 JavaThread "C2 CompilerThread0" daemon [_thread_blocked, id=15875, stack(0x0000700004788000,0x0000700004888000)]
  0x00007fac6a038800 JavaThread "JDWP Command Reader" daemon [_thread_in_native, id=15619, stack(0x0000700004685000,0x0000700004785000)]
  0x00007fac67826800 JavaThread "JDWP Event Helper Thread" daemon [_thread_blocked, id=16387, stack(0x0000700004582000,0x0000700004682000)]
  0x00007fac67827800 JavaThread "JDWP Transport Listener: dt_socket" daemon [_thread_blocked, id=15111, stack(0x000070000447f000,0x000070000457f000)]
  0x00007fac6b020000 JavaThread "Signal Dispatcher" daemon [_thread_blocked, id=17163, stack(0x000070000437c000,0x000070000447c000)]
  0x00007fac68060800 JavaThread "Finalizer" daemon [_thread_blocked, id=13059, stack(0x0000700004279000,0x0000700004379000)]
  0x00007fac6805d800 JavaThread "Reference Handler" daemon [_thread_blocked, id=18947, stack(0x0000700004176000,0x0000700004276000)]

Other Threads:
  0x00007fac68059000 VMThread [stack: 0x0000700004073000,0x0000700004173000] [id=12547]
  0x00007fac68061800 WatcherThread [stack: 0x0000700004c97000,0x0000700004d97000] [id=23043]

VM state:not at safepoint (normal execution)

VM Mutex/Monitor currently owned by a thread: None

Heap:
 PSYoungGen      total 744448K, used 282728K [0x0000000715580000, 0x0000000763b00000, 0x00000007c0000000)
  eden space 480768K, 9% used [0x0000000715580000,0x000000071846b150,0x0000000732b00000)
  from space 263680K, 89% used [0x0000000732b00000,0x000000074102ef90,0x0000000742c80000)
  to   space 291840K, 0% used [0x0000000751e00000,0x0000000751e00000,0x0000000763b00000)
 ParOldGen       total 620544K, used 380230K [0x00000005c0000000, 0x00000005e5e00000, 0x0000000715580000)
  object space 620544K, 61% used [0x00000005c0000000,0x00000005d7351928,0x00000005e5e00000)
 Metaspace       used 19995K, capacity 20249K, committed 20608K, reserved 1067008K
  class space    used 2257K, capacity 2345K, committed 2432K, reserved 1048576K

Card table byte_map: [0x0000000111048000,0x0000000112049000] byte_map_base: 0x000000010e248000

Marking Bits: (ParMarkBitMap*) 0x00000001104e6eb0
 Begin Bits: [0x0000000125b58000, 0x000000012db58000)
 End Bits:   [0x000000012db58000, 0x0000000135b58000)

Polling page: 0x000000010e3fc000

CodeCache: size=245760Kb used=7287Kb max_used=7287Kb free=238472Kb
 bounds [0x0000000116b58000, 0x0000000117288000, 0x0000000125b58000]
 total_blobs=2696 nmethods=2006 adapters=611
 compilation: enabled

Compilation events (10 events):
Event: 9.041 Thread 0x00007fac6982c000 nmethod 2032 0x00000001172736d0 code [0x0000000117273820, 0x00000001172739f8]
Event: 9.041 Thread 0x00007fac6982b000 nmethod 2031 0x0000000117273190 code [0x00000001172732e0, 0x00000001172734f8]
Event: 9.042 Thread 0x00007fac6783f000 2033 %     3       org.jblas.ComplexDoubleMatrix::transpose @ 38 (77 bytes)
Event: 9.043 Thread 0x00007fac6783f000 nmethod 2033% 0x0000000117271f50 code [0x0000000117272140, 0x0000000117272a58]
Event: 9.043 Thread 0x00007fac6783f000 2034       3       org.jblas.ComplexDoubleMatrix::transpose (77 bytes)
Event: 9.044 Thread 0x00007fac6783f000 nmethod 2034 0x0000000117270890 code [0x0000000117270a80, 0x00000001172712d8]
Event: 9.044 Thread 0x00007fac6982c800 2035 %     4       org.jblas.ComplexDoubleMatrix::transpose @ 38 (77 bytes)
Event: 9.053 Thread 0x00007fac6982c800 nmethod 2035% 0x0000000117277590 code [0x0000000117277720, 0x0000000117278118]
Event: 9.063 Thread 0x00007fac6783f000 2036       3       java.net.URLStreamHandler::toExternalForm (219 bytes)
Event: 9.065 Thread 0x00007fac6783f000 nmethod 2036 0x0000000117278690 code [0x0000000117278a20, 0x000000011727bed8]

GC Heap History (10 events):
Event: 7.426 GC heap before
{Heap before GC invocations=15 (full 3):
 PSYoungGen      total 456704K, used 413423K [0x0000000715580000, 0x0000000748c80000, 0x00000007c0000000)
  eden space 220672K, 99% used [0x0000000715580000,0x0000000722cdadb8,0x0000000722d00000)
  from space 236032K, 81% used [0x0000000722d00000,0x000000072e9610d0,0x0000000731380000)
  to   space 257536K, 0% used [0x0000000739100000,0x0000000739100000,0x0000000748c80000)
 ParOldGen       total 584192K, used 314600K [0x00000005c0000000, 0x00000005e3a80000, 0x0000000715580000)
  object space 584192K, 53% used [0x00000005c0000000,0x00000005d333a240,0x00000005e3a80000)
 Metaspace       used 19414K, capacity 19609K, committed 19968K, reserved 1067008K
  class space    used 2205K, capacity 2281K, committed 2304K, reserved 1048576K
Event: 7.476 GC heap after
Heap after GC invocations=15 (full 3):
 PSYoungGen      total 577024K, used 139107K [0x0000000715580000, 0x0000000748580000, 0x00000007c0000000)
  eden space 326656K, 0% used [0x0000000715580000,0x0000000715580000,0x0000000729480000)
  from space 250368K, 55% used [0x0000000739100000,0x00000007418d8cc0,0x0000000748580000)
  to   space 254464K, 0% used [0x0000000729480000,0x0000000729480000,0x0000000738d00000)
 ParOldGen       total 584192K, used 438659K [0x00000005c0000000, 0x00000005e3a80000, 0x0000000715580000)
  object space 584192K, 75% used [0x00000005c0000000,0x00000005dac60c90,0x00000005e3a80000)
 Metaspace       used 19414K, capacity 19609K, committed 19968K, reserved 1067008K
  class space    used 2205K, capacity 2281K, committed 2304K, reserved 1048576K
}
Event: 7.476 GC heap before
{Heap before GC invocations=16 (full 4):
 PSYoungGen      total 577024K, used 139107K [0x0000000715580000, 0x0000000748580000, 0x00000007c0000000)
  eden space 326656K, 0% used [0x0000000715580000,0x0000000715580000,0x0000000729480000)
  from space 250368K, 55% used [0x0000000739100000,0x00000007418d8cc0,0x0000000748580000)
  to   space 254464K, 0% used [0x0000000729480000,0x0000000729480000,0x0000000738d00000)
 ParOldGen       total 584192K, used 438659K [0x00000005c0000000, 0x00000005e3a80000, 0x0000000715580000)
  object space 584192K, 75% used [0x00000005c0000000,0x00000005dac60c90,0x00000005e3a80000)
 Metaspace       used 19414K, capacity 19609K, committed 19968K, reserved 1067008K
  class space    used 2205K, capacity 2281K, committed 2304K, reserved 1048576K
Event: 7.519 GC heap after
Heap after GC invocations=16 (full 4):
 PSYoungGen      total 577024K, used 0K [0x0000000715580000, 0x0000000748580000, 0x00000007c0000000)
  eden space 326656K, 0% used [0x0000000715580000,0x0000000715580000,0x0000000729480000)
  from space 250368K, 0% used [0x0000000739100000,0x0000000739100000,0x0000000748580000)
  to   space 254464K, 0% used [0x0000000729480000,0x0000000729480000,0x0000000738d00000)
 ParOldGen       total 620544K, used 300008K [0x00000005c0000000, 0x00000005e5e00000, 0x0000000715580000)
  object space 620544K, 48% used [0x00000005c0000000,0x00000005d24fa2d8,0x00000005e5e00000)
 Metaspace       used 19414K, capacity 19609K, committed 19968K, reserved 1067008K
  class space    used 2205K, capacity 2281K, committed 2304K, reserved 1048576K
}
Event: 8.071 GC heap before
{Heap before GC invocations=17 (full 4):
 PSYoungGen      total 577024K, used 326656K [0x0000000715580000, 0x0000000748580000, 0x00000007c0000000)
  eden space 326656K, 100% used [0x0000000715580000,0x0000000729480000,0x0000000729480000)
  from space 250368K, 0% used [0x0000000739100000,0x0000000739100000,0x0000000748580000)
  to   space 254464K, 0% used [0x0000000729480000,0x0000000729480000,0x0000000738d00000)
 ParOldGen       total 620544K, used 300008K [0x00000005c0000000, 0x00000005e5e00000, 0x0000000715580000)
  object space 620544K, 48% used [0x00000005c0000000,0x00000005d24fa2d8,0x00000005e5e00000)
 Metaspace       used 19419K, capacity 19609K, committed 19968K, reserved 1067008K
  class space    used 2205K, capacity 2281K, committed 2304K, reserved 1048576K
Event: 8.098 GC heap after
Heap after GC invocations=17 (full 4):
 PSYoungGen      total 581120K, used 173604K [0x0000000715580000, 0x0000000752e00000, 0x00000007c0000000)
  eden space 326656K, 0% used [0x0000000715580000,0x0000000715580000,0x0000000729480000)
  from space 254464K, 68% used [0x0000000729480000,0x0000000733e09010,0x0000000738d00000)
  to   space 263680K, 0% used [0x0000000742c80000,0x0000000742c80000,0x0000000752e00000)
 ParOldGen       total 620544K, used 300008K [0x00000005c0000000, 0x00000005e5e00000, 0x0000000715580000)
  object space 620544K, 48% used [0x00000005c0000000,0x00000005d24fa2d8,0x00000005e5e00000)
 Metaspace       used 19419K, capacity 19609K, committed 19968K, reserved 1067008K
  class space    used 2205K, capacity 2281K, committed 2304K, reserved 1048576K
}
Event: 8.425 GC heap before
{Heap before GC invocations=18 (full 4):
 PSYoungGen      total 581120K, used 499973K [0x0000000715580000, 0x0000000752e00000, 0x00000007c0000000)
  eden space 326656K, 99% used [0x0000000715580000,0x0000000729438710,0x0000000729480000)
  from space 254464K, 68% used [0x0000000729480000,0x0000000733e09010,0x0000000738d00000)
  to   space 263680K, 0% used [0x0000000742c80000,0x0000000742c80000,0x0000000752e00000)
 ParOldGen       total 620544K, used 300008K [0x00000005c0000000, 0x00000005e5e00000, 0x0000000715580000)
  object space 620544K, 48% used [0x00000005c0000000,0x00000005d24fa2d8,0x00000005e5e00000)
 Metaspace       used 19424K, capacity 19673K, committed 19968K, reserved 1067008K
  class space    used 2205K, capacity 2281K, committed 2304K, reserved 1048576K
Event: 8.476 GC heap after
Heap after GC invocations=18 (full 4):
 PSYoungGen      total 744448K, used 156547K [0x0000000715580000, 0x0000000752f00000, 0x00000007c0000000)
  eden space 480768K, 0% used [0x0000000715580000,0x0000000715580000,0x0000000732b00000)
  from space 263680K, 59% used [0x0000000742c80000,0x000000074c560ea0,0x0000000752e00000)
  to   space 263680K, 0% used [0x0000000732b00000,0x0000000732b00000,0x0000000742c80000)
 ParOldGen       total 620544K, used 365297K [0x00000005c0000000, 0x00000005e5e00000, 0x0000000715580000)
  object space 620544K, 58% used [0x00000005c0000000,0x00000005d64bc7e8,0x00000005e5e00000)
 Metaspace       used 19424K, capacity 19673K, committed 19968K, reserved 1067008K
  class space    used 2205K, capacity 2281K, committed 2304K, reserved 1048576K
}
Event: 9.009 GC heap before
{Heap before GC invocations=19 (full 4):
 PSYoungGen      total 744448K, used 593925K [0x0000000715580000, 0x0000000752f00000, 0x00000007c0000000)
  eden space 480768K, 90% used [0x0000000715580000,0x00000007300a0818,0x0000000732b00000)
  from space 263680K, 59% used [0x0000000742c80000,0x000000074c560ea0,0x0000000752e00000)
  to   space 263680K, 0% used [0x0000000732b00000,0x0000000732b00000,0x0000000742c80000)
 ParOldGen       total 620544K, used 365297K [0x00000005c0000000, 0x00000005e5e00000, 0x0000000715580000)
  object space 620544K, 58% used [0x00000005c0000000,0x00000005d64bc7e8,0x00000005e5e00000)
 Metaspace       used 19940K, capacity 20185K, committed 20608K, reserved 1067008K
  class space    used 2253K, capacity 2345K, committed 2432K, reserved 1048576K
Event: 9.031 GC heap after
Heap after GC invocations=19 (full 4):
 PSYoungGen      total 744448K, used 234683K [0x0000000715580000, 0x0000000763b00000, 0x00000007c0000000)
  eden space 480768K, 0% used [0x0000000715580000,0x0000000715580000,0x0000000732b00000)
  from space 263680K, 89% used [0x0000000732b00000,0x000000074102ef90,0x0000000742c80000)
  to   space 291840K, 0% used [0x0000000751e00000,0x0000000751e00000,0x0000000763b00000)
 ParOldGen       total 620544K, used 380230K [0x00000005c0000000, 0x00000005e5e00000, 0x0000000715580000)
  object space 620544K, 61% used [0x00000005c0000000,0x00000005d7351928,0x00000005e5e00000)
 Metaspace       used 19940K, capacity 20185K, committed 20608K, reserved 1067008K
  class space    used 2253K, capacity 2345K, committed 2432K, reserved 1048576K
}

Deoptimization events (10 events):
Event: 8.773 Thread 0x00007fac6a808800 Uncommon trap: reason=unstable_if action=reinterpret pc=0x0000000117245190 method=com.cern.colt.matrix.tdouble.impl.DenseDoubleMatrix2D$39.run()V @ 28
Event: 8.773 Thread 0x00007fac6b800000 Uncommon trap: reason=unstable_if action=reinterpret pc=0x0000000117245190 method=com.cern.colt.matrix.tdouble.impl.DenseDoubleMatrix2D$39.run()V @ 28
Event: 8.773 Thread 0x00007fac67936000 Uncommon trap: reason=unstable_if action=reinterpret pc=0x0000000117245190 method=com.cern.colt.matrix.tdouble.impl.DenseDoubleMatrix2D$39.run()V @ 28
Event: 8.802 Thread 0x00007fac6988e800 Uncommon trap: reason=unstable_if action=reinterpret pc=0x000000011724693c method=org.jblas.DoubleMatrix.<init>([[D)V @ 58
Event: 8.843 Thread 0x00007fac68826000 Uncommon trap: reason=unstable_if action=reinterpret pc=0x000000011724e12c method=com.cern.colt.matrix.tdcomplex.impl.DenseDComplexMatrix2D$21.run()V @ 43
Event: 8.843 Thread 0x00007fac73030800 Uncommon trap: reason=unstable_if action=reinterpret pc=0x000000011724e12c method=com.cern.colt.matrix.tdcomplex.impl.DenseDComplexMatrix2D$21.run()V @ 43
Event: 8.843 Thread 0x00007fac6c038800 Uncommon trap: reason=unstable_if action=reinterpret pc=0x000000011724e12c method=com.cern.colt.matrix.tdcomplex.impl.DenseDComplexMatrix2D$21.run()V @ 43
Event: 8.897 Thread 0x00007fac6988e800 Uncommon trap: reason=unstable_if action=reinterpret pc=0x0000000116d3504c method=java.util.Properties.loadConvert([CII[C)Ljava/lang/String; @ 4
Event: 8.898 Thread 0x00007fac6988e800 Uncommon trap: reason=unstable_if action=reinterpret pc=0x0000000116d447ec method=java.lang.String.indexOf([CII[CIII)I @ 3
Event: 9.061 Thread 0x00007fac6988e800 Uncommon trap: reason=unstable_if action=reinterpret pc=0x0000000117277fa4 method=org.jblas.ComplexDoubleMatrix.transpose()Lorg/jblas/ComplexDoubleMatrix; @ 32

Internal exceptions (10 events):
Event: 0.159 Thread 0x00007fac6a001800 Exception <a 'java/security/PrivilegedActionException'> (0x0000000715b431b0) thrown at [/Users/java_re/workspace/8-2-build-macosx-x86_64/jdk8u91/6644/hotspot/src/share/vm/prims/jvm.cpp, line 1386]
Event: 0.159 Thread 0x00007fac6a001800 Exception <a 'java/security/PrivilegedActionException'> (0x0000000715b433c0) thrown at [/Users/java_re/workspace/8-2-build-macosx-x86_64/jdk8u91/6644/hotspot/src/share/vm/prims/jvm.cpp, line 1386]
Event: 0.192 Thread 0x00007fac6a001800 Exception <a 'java/lang/NoSuchFieldError': method resolution failed> (0x0000000715c76da0) thrown at [/Users/java_re/workspace/8-2-build-macosx-x86_64/jdk8u91/6644/hotspot/src/share/vm/prims/methodHandles.cpp, line 1146]
Event: 0.193 Thread 0x00007fac6a001800 Exception <a 'java/lang/NoSuchFieldError': method resolution failed> (0x0000000715c85018) thrown at [/Users/java_re/workspace/8-2-build-macosx-x86_64/jdk8u91/6644/hotspot/src/share/vm/prims/methodHandles.cpp, line 1146]
Event: 0.365 Thread 0x00007fac6a001800 Exception <a 'java/io/FileNotFoundException'> (0x0000000715d24968) thrown at [/Users/java_re/workspace/8-2-build-macosx-x86_64/jdk8u91/6644/hotspot/src/share/vm/prims/jni.cpp, line 709]
Event: 0.365 Thread 0x00007fac6a001800 Exception <a 'java/io/FileNotFoundException'> (0x0000000715d254c8) thrown at [/Users/java_re/workspace/8-2-build-macosx-x86_64/jdk8u91/6644/hotspot/src/share/vm/prims/jni.cpp, line 709]
Event: 4.469 Thread 0x00007fac68060800 Exception <a 'java/lang/NullPointerException'> (0x0000000715a7ec10) thrown at [/Users/java_re/workspace/8-2-build-macosx-x86_64/jdk8u91/6644/hotspot/src/share/vm/interpreter/linkResolver.cpp, line 1178]
Event: 4.469 Thread 0x00007fac68060800 Exception <a 'java/lang/NullPointerException'> (0x0000000715a7ee18) thrown at [/Users/java_re/workspace/8-2-build-macosx-x86_64/jdk8u91/6644/hotspot/src/share/vm/interpreter/linkResolver.cpp, line 1178]
Event: 4.469 Thread 0x00007fac68060800 Exception <a 'java/lang/NullPointerException'> (0x0000000715a7f020) thrown at [/Users/java_re/workspace/8-2-build-macosx-x86_64/jdk8u91/6644/hotspot/src/share/vm/interpreter/linkResolver.cpp, line 1178]
Event: 4.471 Thread 0x00007fac68060800 Exception <a 'java/lang/NullPointerException'> (0x0000000715a7f2b0) thrown at [/Users/java_re/workspace/8-2-build-macosx-x86_64/jdk8u91/6644/hotspot/src/share/vm/interpreter/linkResolver.cpp, line 1178]

Events (10 events):
Event: 9.062 Thread 0x00007fac6988e800 DEOPT PACKING pc=0x0000000116c9fdf4 sp=0x00007000059476d0
Event: 9.062 Thread 0x00007fac6988e800 DEOPT UNPACKING pc=0x0000000116b9f633 sp=0x0000700005947510 mode 1
Event: 9.063 loading class org/jblas/exceptions/LapackSingularityException
Event: 9.063 loading class org/jblas/exceptions/LapackSingularityException done
Event: 9.063 Thread 0x00007fac6988e800 DEOPT PACKING pc=0x0000000116ed37f1 sp=0x00007000059474c0
Event: 9.063 Thread 0x00007fac6988e800 DEOPT UNPACKING pc=0x0000000116b9f633 sp=0x0000700005947230 mode 1
Event: 9.063 Thread 0x00007fac6988e800 DEOPT PACKING pc=0x0000000116ca0054 sp=0x0000700005947540
Event: 9.063 Thread 0x00007fac6988e800 DEOPT UNPACKING pc=0x0000000116b9f633 sp=0x0000700005947380 mode 1
Event: 9.063 Thread 0x00007fac6988e800 DEOPT PACKING pc=0x0000000116c9fdf4 sp=0x00007000059476d0
Event: 9.063 Thread 0x00007fac6988e800 DEOPT UNPACKING pc=0x0000000116b9f633 sp=0x0000700005947510 mode 1


Dynamic libraries:
0x000000001c29a000 	/System/Library/Frameworks/Cocoa.framework/Versions/A/Cocoa
0x000000001c29a000 	/System/Library/Frameworks/Security.framework/Versions/A/Security
0x000000001c29a000 	/System/Library/Frameworks/ApplicationServices.framework/Versions/A/ApplicationServices
0x000000001c29a000 	/usr/lib/libz.1.dylib
0x000000001c29a000 	/usr/lib/libSystem.B.dylib
0x000000001c29a000 	/usr/lib/libobjc.A.dylib
0x000000001c29a000 	/System/Library/Frameworks/CoreFoundation.framework/Versions/A/CoreFoundation
0x000000001c29a000 	/System/Library/Frameworks/Foundation.framework/Versions/C/Foundation
0x000000001c29a000 	/System/Library/Frameworks/AppKit.framework/Versions/C/AppKit
0x000000001c29a000 	/System/Library/Frameworks/CoreData.framework/Versions/A/CoreData
0x000000001c29a000 	/System/Library/PrivateFrameworks/RemoteViewServices.framework/Versions/A/RemoteViewServices
0x000000001c29a000 	/System/Library/PrivateFrameworks/UIFoundation.framework/Versions/A/UIFoundation
0x000000001c29a000 	/System/Library/PrivateFrameworks/DFRFoundation.framework/Versions/A/DFRFoundation
0x000000001c29a000 	/System/Library/Frameworks/Metal.framework/Versions/A/Metal
0x000000001c29a000 	/System/Library/PrivateFrameworks/DesktopServicesPriv.framework/Versions/A/DesktopServicesPriv
0x000000001c29a000 	/usr/lib/libenergytrace.dylib
0x000000001c29a000 	/System/Library/PrivateFrameworks/SkyLight.framework/Versions/A/SkyLight
0x000000001c29a000 	/System/Library/Frameworks/CoreGraphics.framework/Versions/A/CoreGraphics
0x000000001c29a000 	/usr/lib/libScreenReader.dylib
0x000000001c29a000 	/System/Library/Frameworks/Accelerate.framework/Versions/A/Accelerate
0x000000001c29a000 	/System/Library/Frameworks/IOSurface.framework/Versions/A/IOSurface
0x000000001c29a000 	/System/Library/Frameworks/AudioToolbox.framework/Versions/A/AudioToolbox
0x000000001c29a000 	/System/Library/Frameworks/AudioUnit.framework/Versions/A/AudioUnit
0x000000001c29a000 	/System/Library/PrivateFrameworks/DataDetectorsCore.framework/Versions/A/DataDetectorsCore
0x000000001c29a000 	/System/Library/Frameworks/Carbon.framework/Versions/A/Frameworks/HIToolbox.framework/Versions/A/HIToolbox
0x000000001c29a000 	/usr/lib/libicucore.A.dylib
0x000000001c29a000 	/System/Library/Frameworks/QuartzCore.framework/Versions/A/QuartzCore
0x000000001c29a000 	/System/Library/PrivateFrameworks/SignpostNotification.framework/Versions/A/SignpostNotification
0x000000001c29a000 	/System/Library/Frameworks/Carbon.framework/Versions/A/Frameworks/SpeechRecognition.framework/Versions/A/SpeechRecognition
0x000000001c29a000 	/usr/lib/libauto.dylib
0x000000001c29a000 	/usr/lib/libxml2.2.dylib
0x000000001c29a000 	/System/Library/PrivateFrameworks/CoreUI.framework/Versions/A/CoreUI
0x000000001c29a000 	/System/Library/Frameworks/CoreAudio.framework/Versions/A/CoreAudio
0x000000001c29a000 	/System/Library/Frameworks/DiskArbitration.framework/Versions/A/DiskArbitration
0x000000001c29a000 	/usr/lib/liblangid.dylib
0x000000001c29a000 	/System/Library/PrivateFrameworks/MultitouchSupport.framework/Versions/A/MultitouchSupport
0x000000001c29a000 	/System/Library/Frameworks/IOKit.framework/Versions/A/IOKit
0x000000001c29a000 	/usr/lib/libDiagnosticMessagesClient.dylib
0x000000001c29a000 	/System/Library/Frameworks/CoreServices.framework/Versions/A/CoreServices
0x000000001c29a000 	/System/Library/PrivateFrameworks/PerformanceAnalysis.framework/Versions/A/PerformanceAnalysis
0x000000001c29a000 	/System/Library/Frameworks/OpenGL.framework/Versions/A/OpenGL
0x000000001c29a000 	/System/Library/Frameworks/ColorSync.framework/Versions/A/ColorSync
0x000000001c29a000 	/System/Library/Frameworks/CoreImage.framework/Versions/A/CoreImage
0x000000001c29a000 	/System/Library/Frameworks/CoreText.framework/Versions/A/CoreText
0x000000001c29a000 	/System/Library/Frameworks/ImageIO.framework/Versions/A/ImageIO
0x000000001c29a000 	/System/Library/PrivateFrameworks/Backup.framework/Versions/A/Backup
0x000000001c29a000 	/usr/lib/libarchive.2.dylib
0x000000001c29a000 	/System/Library/Frameworks/CFNetwork.framework/Versions/A/CFNetwork
0x000000001c29a000 	/System/Library/Frameworks/SystemConfiguration.framework/Versions/A/SystemConfiguration
0x000000001c29a000 	/usr/lib/libCRFSuite.dylib
0x000000001c29a000 	/usr/lib/libc++.1.dylib
0x000000001c29a000 	/usr/lib/libc++abi.dylib
0x000000001c29a000 	/usr/lib/system/libcache.dylib
0x000000001c29a000 	/usr/lib/system/libcommonCrypto.dylib
0x000000001c29a000 	/usr/lib/system/libcompiler_rt.dylib
0x000000001c29a000 	/usr/lib/system/libcopyfile.dylib
0x000000001c29a000 	/usr/lib/system/libcorecrypto.dylib
0x000000001c29a000 	/usr/lib/system/libdispatch.dylib
0x000000001c29a000 	/usr/lib/system/libdyld.dylib
0x000000001c29a000 	/usr/lib/system/libkeymgr.dylib
0x000000001c29a000 	/usr/lib/system/liblaunch.dylib
0x000000001c29a000 	/usr/lib/system/libmacho.dylib
0x000000001c29a000 	/usr/lib/system/libquarantine.dylib
0x000000001c29a000 	/usr/lib/system/libremovefile.dylib
0x000000001c29a000 	/usr/lib/system/libsystem_asl.dylib
0x000000001c29a000 	/usr/lib/system/libsystem_blocks.dylib
0x000000001c29a000 	/usr/lib/system/libsystem_c.dylib
0x000000001c29a000 	/usr/lib/system/libsystem_configuration.dylib
0x000000001c29a000 	/usr/lib/system/libsystem_coreservices.dylib
0x000000001c29a000 	/usr/lib/system/libsystem_darwin.dylib
0x000000001c29a000 	/usr/lib/system/libsystem_dnssd.dylib
0x000000001c29a000 	/usr/lib/system/libsystem_info.dylib
0x000000001c29a000 	/usr/lib/system/libsystem_m.dylib
0x000000001c29a000 	/usr/lib/system/libsystem_malloc.dylib
0x000000001c29a000 	/usr/lib/system/libsystem_network.dylib
0x000000001c29a000 	/usr/lib/system/libsystem_networkextension.dylib
0x000000001c29a000 	/usr/lib/system/libsystem_notify.dylib
0x000000001c29a000 	/usr/lib/system/libsystem_sandbox.dylib
0x000000001c29a000 	/usr/lib/system/libsystem_secinit.dylib
0x000000001c29a000 	/usr/lib/system/libsystem_kernel.dylib
0x000000001c29a000 	/usr/lib/system/libsystem_platform.dylib
0x000000001c29a000 	/usr/lib/system/libsystem_pthread.dylib
0x000000001c29a000 	/usr/lib/system/libsystem_symptoms.dylib
0x000000001c29a000 	/usr/lib/system/libsystem_trace.dylib
0x000000001c29a000 	/usr/lib/system/libunwind.dylib
0x000000001c29a000 	/usr/lib/system/libxpc.dylib
0x000000001c29a000 	/usr/lib/closure/libclosured.dylib
0x000000001c29a000 	/usr/lib/libbsm.0.dylib
0x000000001c29a000 	/usr/lib/system/libkxld.dylib
0x000000001c29a000 	/usr/lib/libOpenScriptingUtil.dylib
0x000000001c29a000 	/usr/lib/libcoretls.dylib
0x000000001c29a000 	/usr/lib/libcoretls_cfhelpers.dylib
0x000000001c29a000 	/usr/lib/libpam.2.dylib
0x000000001c29a000 	/usr/lib/libsqlite3.dylib
0x000000001c29a000 	/usr/lib/libxar.1.dylib
0x000000001c29a000 	/usr/lib/libbz2.1.0.dylib
0x000000001c29a000 	/usr/lib/liblzma.5.dylib
0x000000001c29a000 	/usr/lib/libnetwork.dylib
0x000000001c29a000 	/usr/lib/libapple_nghttp2.dylib
0x000000001c29a000 	/usr/lib/libpcap.A.dylib
0x000000001c29a000 	/usr/lib/libboringssl.dylib
0x000000001c29a000 	/usr/lib/libusrtcp.dylib
0x000000001c29a000 	/usr/lib/libapple_crypto.dylib
0x000000001c29a000 	/System/Library/Frameworks/CoreServices.framework/Versions/A/Frameworks/FSEvents.framework/Versions/A/FSEvents
0x000000001c29a000 	/System/Library/Frameworks/CoreServices.framework/Versions/A/Frameworks/CarbonCore.framework/Versions/A/CarbonCore
0x000000001c29a000 	/System/Library/Frameworks/CoreServices.framework/Versions/A/Frameworks/Metadata.framework/Versions/A/Metadata
0x000000001c29a000 	/System/Library/Frameworks/CoreServices.framework/Versions/A/Frameworks/OSServices.framework/Versions/A/OSServices
0x000000001c29a000 	/System/Library/Frameworks/CoreServices.framework/Versions/A/Frameworks/SearchKit.framework/Versions/A/SearchKit
0x000000001c29a000 	/System/Library/Frameworks/CoreServices.framework/Versions/A/Frameworks/AE.framework/Versions/A/AE
0x000000001c29a000 	/System/Library/Frameworks/CoreServices.framework/Versions/A/Frameworks/LaunchServices.framework/Versions/A/LaunchServices
0x000000001c29a000 	/System/Library/Frameworks/CoreServices.framework/Versions/A/Frameworks/DictionaryServices.framework/Versions/A/DictionaryServices
0x000000001c29a000 	/System/Library/Frameworks/CoreServices.framework/Versions/A/Frameworks/SharedFileList.framework/Versions/A/SharedFileList
0x000000001c29a000 	/System/Library/Frameworks/NetFS.framework/Versions/A/NetFS
0x000000001c29a000 	/System/Library/PrivateFrameworks/NetAuth.framework/Versions/A/NetAuth
0x000000001c29a000 	/System/Library/PrivateFrameworks/login.framework/Versions/A/Frameworks/loginsupport.framework/Versions/A/loginsupport
0x000000001c29a000 	/System/Library/PrivateFrameworks/TCC.framework/Versions/A/TCC
0x000000001c29a000 	/usr/lib/libmecabra.dylib
0x000000001c29a000 	/System/Library/Frameworks/ApplicationServices.framework/Versions/A/Frameworks/ATS.framework/Versions/A/ATS
0x000000001c29a000 	/System/Library/Frameworks/ApplicationServices.framework/Versions/A/Frameworks/ColorSyncLegacy.framework/Versions/A/ColorSyncLegacy
0x000000001c29a000 	/System/Library/Frameworks/ApplicationServices.framework/Versions/A/Frameworks/HIServices.framework/Versions/A/HIServices
0x000000001c29a000 	/System/Library/Frameworks/ApplicationServices.framework/Versions/A/Frameworks/LangAnalysis.framework/Versions/A/LangAnalysis
0x000000001c29a000 	/System/Library/Frameworks/ApplicationServices.framework/Versions/A/Frameworks/PrintCore.framework/Versions/A/PrintCore
0x000000001c29a000 	/System/Library/Frameworks/ApplicationServices.framework/Versions/A/Frameworks/QD.framework/Versions/A/QD
0x000000001c29a000 	/System/Library/Frameworks/ApplicationServices.framework/Versions/A/Frameworks/SpeechSynthesis.framework/Versions/A/SpeechSynthesis
0x000000001c29a000 	/System/Library/Frameworks/CoreDisplay.framework/Versions/A/CoreDisplay
0x000000001c29a000 	/System/Library/Frameworks/Accelerate.framework/Versions/A/Frameworks/vImage.framework/Versions/A/vImage
0x000000001c29a000 	/System/Library/Frameworks/Accelerate.framework/Versions/A/Frameworks/vecLib.framework/Versions/A/vecLib
0x000000001c29a000 	/System/Library/Frameworks/Accelerate.framework/Versions/A/Frameworks/vecLib.framework/Versions/A/libvDSP.dylib
0x000000001c29a000 	/System/Library/Frameworks/Accelerate.framework/Versions/A/Frameworks/vecLib.framework/Versions/A/libBNNS.dylib
0x000000001c29a000 	/System/Library/Frameworks/Accelerate.framework/Versions/A/Frameworks/vecLib.framework/Versions/A/libQuadrature.dylib
0x000000001c29a000 	/System/Library/Frameworks/Accelerate.framework/Versions/A/Frameworks/vecLib.framework/Versions/A/libvMisc.dylib
0x000000001c29a000 	/System/Library/Frameworks/Accelerate.framework/Versions/A/Frameworks/vecLib.framework/Versions/A/libLAPACK.dylib
0x000000001c29a000 	/System/Library/Frameworks/Accelerate.framework/Versions/A/Frameworks/vecLib.framework/Versions/A/libBLAS.dylib
0x000000001c29a000 	/System/Library/Frameworks/Accelerate.framework/Versions/A/Frameworks/vecLib.framework/Versions/A/libLinearAlgebra.dylib
0x000000001c29a000 	/System/Library/Frameworks/Accelerate.framework/Versions/A/Frameworks/vecLib.framework/Versions/A/libSparse.dylib
0x000000001c29a000 	/System/Library/Frameworks/Accelerate.framework/Versions/A/Frameworks/vecLib.framework/Versions/A/libSparseBLAS.dylib
0x000000001c29a000 	/System/Library/PrivateFrameworks/GPUWrangler.framework/Versions/A/GPUWrangler
0x000000001c29a000 	/System/Library/PrivateFrameworks/IOAccelerator.framework/Versions/A/IOAccelerator
0x000000001c29a000 	/System/Library/PrivateFrameworks/IOPresentment.framework/Versions/A/IOPresentment
0x000000001c29a000 	/System/Library/PrivateFrameworks/DSExternalDisplay.framework/Versions/A/DSExternalDisplay
0x000000001c29a000 	/System/Library/Frameworks/OpenGL.framework/Versions/A/Libraries/libCoreFSCache.dylib
0x000000001c29a000 	/System/Library/Frameworks/CoreVideo.framework/Versions/A/CoreVideo
0x000000001c29a000 	/System/Library/PrivateFrameworks/GraphVisualizer.framework/Versions/A/GraphVisualizer
0x000000001c29a000 	/System/Library/Frameworks/MetalPerformanceShaders.framework/Versions/A/MetalPerformanceShaders
0x000000001c29a000 	/usr/lib/libFosl_dynamic.dylib
0x000000001c29a000 	/System/Library/PrivateFrameworks/FaceCore.framework/Versions/A/FaceCore
0x000000001c29a000 	/System/Library/Frameworks/OpenCL.framework/Versions/A/OpenCL
0x000000001c29a000 	/usr/lib/libcompression.dylib
0x000000001c29a000 	/System/Library/Frameworks/ApplicationServices.framework/Versions/A/Frameworks/ATS.framework/Versions/A/Resources/libFontParser.dylib
0x000000001c29a000 	/System/Library/Frameworks/ApplicationServices.framework/Versions/A/Frameworks/ATS.framework/Versions/A/Resources/libFontRegistry.dylib
0x000000001c29a000 	/System/Library/Frameworks/ImageIO.framework/Versions/A/Resources/libJPEG.dylib
0x000000001c29a000 	/System/Library/Frameworks/ImageIO.framework/Versions/A/Resources/libTIFF.dylib
0x000000001c29a000 	/System/Library/Frameworks/ImageIO.framework/Versions/A/Resources/libPng.dylib
0x000000001c29a000 	/System/Library/Frameworks/ImageIO.framework/Versions/A/Resources/libGIF.dylib
0x000000001c29a000 	/System/Library/Frameworks/ImageIO.framework/Versions/A/Resources/libJP2.dylib
0x000000001c29a000 	/System/Library/Frameworks/ImageIO.framework/Versions/A/Resources/libRadiance.dylib
0x000000001c29a000 	/System/Library/PrivateFrameworks/AppleJPEG.framework/Versions/A/AppleJPEG
0x000000001c29a000 	/System/Library/Frameworks/MetalPerformanceShaders.framework/Frameworks/MPSCore.framework/Versions/A/MPSCore
0x000000001c29a000 	/System/Library/Frameworks/MetalPerformanceShaders.framework/Frameworks/MPSImage.framework/Versions/A/MPSImage
0x000000001c29a000 	/System/Library/Frameworks/MetalPerformanceShaders.framework/Frameworks/MPSNeuralNetwork.framework/Versions/A/MPSNeuralNetwork
0x000000001c29a000 	/System/Library/Frameworks/MetalPerformanceShaders.framework/Frameworks/MPSMatrix.framework/Versions/A/MPSMatrix
0x000000001c29a000 	/System/Library/PrivateFrameworks/MetalTools.framework/Versions/A/MetalTools
0x000000001c29a000 	/System/Library/Frameworks/OpenGL.framework/Versions/A/Libraries/libGLU.dylib
0x000000001c29a000 	/System/Library/Frameworks/OpenGL.framework/Versions/A/Libraries/libGFXShared.dylib
0x000000001c29a000 	/System/Library/Frameworks/OpenGL.framework/Versions/A/Libraries/libGL.dylib
0x000000001c29a000 	/System/Library/Frameworks/OpenGL.framework/Versions/A/Libraries/libGLImage.dylib
0x000000001c29a000 	/System/Library/Frameworks/OpenGL.framework/Versions/A/Libraries/libCVMSPluginSupport.dylib
0x000000001c29a000 	/System/Library/Frameworks/OpenGL.framework/Versions/A/Libraries/libCoreVMClient.dylib
0x000000001c29a000 	/usr/lib/libcups.2.dylib
0x000000001c29a000 	/System/Library/Frameworks/Kerberos.framework/Versions/A/Kerberos
0x000000001c29a000 	/System/Library/Frameworks/GSS.framework/Versions/A/GSS
0x000000001c29a000 	/usr/lib/libresolv.9.dylib
0x000000001c29a000 	/usr/lib/libiconv.2.dylib
0x000000001c29a000 	/System/Library/PrivateFrameworks/Heimdal.framework/Versions/A/Heimdal
0x000000001c29a000 	/usr/lib/libheimdal-asn1.dylib
0x000000001c29a000 	/System/Library/Frameworks/OpenDirectory.framework/Versions/A/OpenDirectory
0x000000001c29a000 	/System/Library/PrivateFrameworks/CommonAuth.framework/Versions/A/CommonAuth
0x000000001c29a000 	/System/Library/Frameworks/OpenDirectory.framework/Versions/A/Frameworks/CFOpenDirectory.framework/Versions/A/CFOpenDirectory
0x000000001c29a000 	/System/Library/Frameworks/SecurityFoundation.framework/Versions/A/SecurityFoundation
0x000000001c29a000 	/System/Library/PrivateFrameworks/APFS.framework/Versions/A/APFS
0x000000001c29a000 	/usr/lib/libutil.dylib
0x000000001c29a000 	/System/Library/PrivateFrameworks/AppleSauce.framework/Versions/A/AppleSauce
0x000000001c29a000 	/System/Library/PrivateFrameworks/LinguisticData.framework/Versions/A/LinguisticData
0x000000001c29a000 	/usr/lib/libmarisa.dylib
0x000000001c29a000 	/System/Library/PrivateFrameworks/Lexicon.framework/Versions/A/Lexicon
0x000000001c29a000 	/usr/lib/libChineseTokenizer.dylib
0x000000001c29a000 	/usr/lib/libcmph.dylib
0x000000001c29a000 	/System/Library/PrivateFrameworks/LanguageModeling.framework/Versions/A/LanguageModeling
0x000000001c29a000 	/System/Library/PrivateFrameworks/CoreEmoji.framework/Versions/A/CoreEmoji
0x000000001c29a000 	/System/Library/Frameworks/ServiceManagement.framework/Versions/A/ServiceManagement
0x000000001c29a000 	/System/Library/PrivateFrameworks/BackgroundTaskManagement.framework/Versions/A/BackgroundTaskManagement
0x000000001c29a000 	/usr/lib/libxslt.1.dylib
0x000000001c29a000 	/System/Library/Frameworks/Carbon.framework/Versions/A/Frameworks/Ink.framework/Versions/A/Ink
0x000000001c29a000 	/System/Library/PrivateFrameworks/TextureIO.framework/Versions/A/TextureIO
0x000000001c29a000 	/usr/lib/libate.dylib
0x000000001c29a000 	/System/Library/PrivateFrameworks/CrashReporterSupport.framework/Versions/A/CrashReporterSupport
0x000000001c29a000 	/System/Library/PrivateFrameworks/Sharing.framework/Versions/A/Sharing
0x000000001c29a000 	/System/Library/PrivateFrameworks/IconServices.framework/Versions/A/IconServices
0x000000001c29a000 	/System/Library/PrivateFrameworks/AuthKit.framework/Versions/A/AuthKit
0x000000001c29a000 	/System/Library/PrivateFrameworks/Apple80211.framework/Versions/A/Apple80211
0x000000001c29a000 	/System/Library/PrivateFrameworks/CoreUtils.framework/Versions/A/CoreUtils
0x000000001c29a000 	/System/Library/Frameworks/CoreWLAN.framework/Versions/A/CoreWLAN
0x000000001c29a000 	/System/Library/Frameworks/IOBluetooth.framework/Versions/A/IOBluetooth
0x000000001c29a000 	/System/Library/PrivateFrameworks/ProtocolBuffer.framework/Versions/A/ProtocolBuffer
0x000000001c29a000 	/System/Library/PrivateFrameworks/MobileKeyBag.framework/Versions/A/MobileKeyBag
0x000000001c29a000 	/System/Library/PrivateFrameworks/CorePhoneNumbers.framework/Versions/A/CorePhoneNumbers
0x000000001c29a000 	/System/Library/PrivateFrameworks/AppleIDAuthSupport.framework/Versions/A/AppleIDAuthSupport
0x000000001c29a000 	/System/Library/PrivateFrameworks/KeychainCircle.framework/Versions/A/KeychainCircle
0x000000001c29a000 	/System/Library/PrivateFrameworks/CoreWiFi.framework/Versions/A/CoreWiFi
0x000000001c29a000 	/System/Library/Frameworks/CoreBluetooth.framework/Versions/A/CoreBluetooth
0x000000001c29a000 	/System/Library/PrivateFrameworks/DebugSymbols.framework/Versions/A/DebugSymbols
0x000000001c29a000 	/System/Library/PrivateFrameworks/CoreSymbolication.framework/Versions/A/CoreSymbolication
0x000000001c29a000 	/System/Library/PrivateFrameworks/Symbolication.framework/Versions/A/Symbolication
0x000000001c29a000 	/System/Library/PrivateFrameworks/AppleFSCompression.framework/Versions/A/AppleFSCompression
0x000000001c29a000 	/System/Library/PrivateFrameworks/SpeechRecognitionCore.framework/Versions/A/SpeechRecognitionCore
0x000000010fc00000 	/Library/Java/JavaVirtualMachines/jdk1.8.0_91.jdk/Contents/Home/jre/lib/server/libjvm.dylib
0x000000001c29a000 	/usr/lib/libstdc++.6.0.9.dylib
0x000000010e3b9000 	/Library/Java/JavaVirtualMachines/jdk1.8.0_91.jdk/Contents/Home/jre/lib/libverify.dylib
0x000000010e3c7000 	/Library/Java/JavaVirtualMachines/jdk1.8.0_91.jdk/Contents/Home/jre/lib/libjava.dylib
0x0000000110b94000 	/Library/Java/JavaVirtualMachines/jdk1.8.0_91.jdk/Contents/Home/jre/lib/libjdwp.dylib
0x0000000110bdf000 	/Library/Java/JavaVirtualMachines/jdk1.8.0_91.jdk/Contents/Home/jre/lib/libnpt.dylib
0x0000000110be3000 	/Library/Java/JavaVirtualMachines/jdk1.8.0_91.jdk/Contents/Home/jre/lib/libinstrument.dylib
0x0000000110c7f000 	/Library/Java/JavaVirtualMachines/jdk1.8.0_91.jdk/Contents/Home/jre/lib/libzip.dylib
0x000000001c29a000 	/System/Library/Frameworks/JavaVM.framework/Versions/A/Frameworks/JavaRuntimeSupport.framework/Versions/A/JavaRuntimeSupport
0x000000001c29a000 	/System/Library/Frameworks/JavaVM.framework/Versions/A/Frameworks/JavaNativeFoundation.framework/Versions/A/JavaNativeFoundation
0x000000001c29a000 	/System/Library/Frameworks/JavaVM.framework/Versions/A/JavaVM
0x000000001c29a000 	/System/Library/Frameworks/Carbon.framework/Versions/A/Carbon
0x000000001c29a000 	/System/Library/PrivateFrameworks/JavaLaunching.framework/Versions/A/JavaLaunching
0x000000001c29a000 	/System/Library/Frameworks/Carbon.framework/Versions/A/Frameworks/CommonPanels.framework/Versions/A/CommonPanels
0x000000001c29a000 	/System/Library/Frameworks/Carbon.framework/Versions/A/Frameworks/Help.framework/Versions/A/Help
0x000000001c29a000 	/System/Library/Frameworks/Carbon.framework/Versions/A/Frameworks/ImageCapture.framework/Versions/A/ImageCapture
0x000000001c29a000 	/System/Library/Frameworks/Carbon.framework/Versions/A/Frameworks/OpenScripting.framework/Versions/A/OpenScripting
0x000000001c29a000 	/System/Library/Frameworks/Carbon.framework/Versions/A/Frameworks/Print.framework/Versions/A/Print
0x000000001c29a000 	/System/Library/Frameworks/Carbon.framework/Versions/A/Frameworks/SecurityHI.framework/Versions/A/SecurityHI
0x000000011693e000 	/Library/Java/JavaVirtualMachines/jdk1.8.0_91.jdk/Contents/Home/jre/lib/libdt_socket.dylib
0x0000000137507000 	/Library/Java/JavaVirtualMachines/jdk1.8.0_91.jdk/Contents/Home/jre/lib/libawt.dylib
0x00000001375af000 	/Library/Java/JavaVirtualMachines/jdk1.8.0_91.jdk/Contents/Home/jre/lib/./libmlib_image.dylib
0x000000013767b000 	/Library/Java/JavaVirtualMachines/jdk1.8.0_91.jdk/Contents/Home/jre/lib/libawt_lwawt.dylib
0x0000000137730000 	/Library/Java/JavaVirtualMachines/jdk1.8.0_91.jdk/Contents/Home/jre/lib/./libosxapp.dylib
0x000000001c29a000 	/System/Library/Frameworks/ExceptionHandling.framework/Versions/A/ExceptionHandling
0x000000001c29a000 	/System/Library/PrivateFrameworks/CoreServicesInternal.framework/Versions/A/CoreServicesInternal
0x000000001c29a000 	/System/Library/CoreServices/RawCamera.bundle/Contents/MacOS/RawCamera
0x000000001c29a000 	/System/Library/PrivateFrameworks/MobileAsset.framework/Versions/A/MobileAsset
0x000000001c29a000 	/System/Library/PrivateFrameworks/StreamingZip.framework/Versions/A/StreamingZip
0x000000001c29a000 	/System/Library/Frameworks/MediaToolbox.framework/Versions/A/MediaToolbox
0x000000001c29a000 	/System/Library/PrivateFrameworks/CoreAVCHD.framework/Versions/A/CoreAVCHD
0x000000001c29a000 	/System/Library/Frameworks/MediaAccessibility.framework/Versions/A/MediaAccessibility
0x000000001c29a000 	/System/Library/PrivateFrameworks/Mangrove.framework/Versions/A/Mangrove
0x000000001c29a000 	/System/Library/Frameworks/CoreMedia.framework/Versions/A/CoreMedia
0x000000001c29a000 	/System/Library/Frameworks/VideoToolbox.framework/Versions/A/VideoToolbox
0x000000001c29a000 	/System/Library/PrivateFrameworks/CoreAUC.framework/Versions/A/CoreAUC
0x000000001c29a000 	/usr/lib/libspindump.dylib
0x000000001c29a000 	/System/Library/PrivateFrameworks/AppleVA.framework/Versions/A/AppleVA
0x000000001c29a000 	/System/Library/Frameworks/Accelerate.framework/Versions/A/Frameworks/vImage.framework/Versions/A/Libraries/libCGInterfaces.dylib
0x000000001c29a000 	/System/Library/Frameworks/ApplicationServices.framework/Versions/A/Frameworks/ATS.framework/Versions/A/Resources/libTrueTypeScaler.dylib
0x0000000139a5b000 	/System/Library/Extensions/AMDMTLBronzeDriver.bundle/Contents/MacOS/AMDMTLBronzeDriver
0x000000001c29a000 	/System/Library/PrivateFrameworks/IOAccelMemoryInfo.framework/Versions/A/IOAccelMemoryInfo
0x000000001c29a000 	/System/Library/Extensions/AppleIntelKBLGraphicsMTLDriver.bundle/Contents/MacOS/AppleIntelKBLGraphicsMTLDriver
0x000000001c29a000 	/System/Library/PrivateFrameworks/GPUCompiler.framework/Versions/3802/Libraries/libmetal_timestamp.dylib
0x000000001c29a000 	/System/Library/PrivateFrameworks/FamilyControls.framework/Versions/A/FamilyControls
0x000000001c29a000 	/System/Library/PrivateFrameworks/CommerceKit.framework/Versions/A/Frameworks/CommerceCore.framework/Versions/A/CommerceCore
0x000000001c29a000 	/System/Library/PrivateFrameworks/SystemAdministration.framework/Versions/A/SystemAdministration
0x000000001c29a000 	/System/Library/PrivateFrameworks/AppContainer.framework/Versions/A/AppContainer
0x000000001c29a000 	/System/Library/PrivateFrameworks/SecCodeWrapper.framework/Versions/A/SecCodeWrapper
0x000000001c29a000 	/System/Library/PrivateFrameworks/DiskManagement.framework/Versions/A/DiskManagement
0x000000001c29a000 	/System/Library/Frameworks/DirectoryService.framework/Versions/A/DirectoryService
0x000000001c29a000 	/System/Library/PrivateFrameworks/DiskImages.framework/Versions/A/DiskImages
0x000000001c29a000 	/System/Library/PrivateFrameworks/LoginUIKit.framework/Versions/A/Frameworks/LoginUICore.framework/Versions/A/LoginUICore
0x000000001c29a000 	/usr/lib/libCoreStorage.dylib
0x000000001c29a000 	/usr/lib/libcsfde.dylib
0x000000001c29a000 	/usr/lib/libodfde.dylib
0x000000001c29a000 	/System/Library/PrivateFrameworks/MediaKit.framework/Versions/A/MediaKit
0x000000001c29a000 	/System/Library/Frameworks/DiscRecording.framework/Versions/A/DiscRecording
0x000000001c29a000 	/System/Library/PrivateFrameworks/EFILogin.framework/Versions/A/EFILogin
0x000000001c29a000 	/System/Library/PrivateFrameworks/ProtectedCloudStorage.framework/Versions/A/ProtectedCloudStorage
0x000000001c29a000 	/usr/lib/libcurl.4.dylib
0x000000001c29a000 	/usr/lib/libcrypto.35.dylib
0x000000001c29a000 	/usr/lib/libssl.35.dylib
0x000000001c29a000 	/System/Library/Frameworks/LDAP.framework/Versions/A/LDAP
0x000000001c29a000 	/System/Library/PrivateFrameworks/TrustEvaluationAgent.framework/Versions/A/TrustEvaluationAgent
0x000000001c29a000 	/usr/lib/libsasl2.2.dylib
0x000000001c29a000 	/System/Library/PrivateFrameworks/CoreDaemon.framework/Versions/B/CoreDaemon
0x000000001c29a000 	/System/Library/PrivateFrameworks/AppleSRP.framework/Versions/A/AppleSRP
0x000000001c29a000 	/System/Library/Frameworks/OpenGL.framework/Versions/A/Resources/GLEngine.bundle/GLEngine
0x000000001c29a000 	/System/Library/Frameworks/OpenGL.framework/Versions/A/Libraries/libGLProgrammability.dylib
0x000000013b03a000 	/System/Library/Extensions/AppleIntelKBLGraphicsGLDriver.bundle/Contents/MacOS/AppleIntelKBLGraphicsGLDriver
0x000000001c29a000 	/System/Library/PrivateFrameworks/GPUSupport.framework/Versions/A/Libraries/libGPUSupportMercury.dylib
0x000000013c1f5000 	/System/Library/Extensions/AMDRadeonX4000GLDriver.bundle/Contents/MacOS/AMDRadeonX4000GLDriver
0x000000001c29a000 	/System/Library/Extensions/AMDRadeonX4000GLDriver.bundle/Contents/MacOS/ATIRadeonX4000SCLib.dylib
0x000000001c29a000 	/System/Library/Frameworks/OpenGL.framework/Versions/A/Resources/GLRendererFloat.bundle/GLRendererFloat
0x000000001c29a000 	/System/Library/Frameworks/OpenCL.framework/Versions/A/Libraries/libcldcpuengine.dylib
0x000000013c8f7000 	/Library/Java/JavaVirtualMachines/jdk1.8.0_91.jdk/Contents/Home/jre/lib/libfontmanager.dylib
0x000000013c9ca000 	/Library/Java/JavaVirtualMachines/jdk1.8.0_91.jdk/Contents/Home/jre/lib/libosxui.dylib
0x000000001c29a000 	/System/Library/PrivateFrameworks/ViewBridge.framework/Versions/A/ViewBridge
0x000000013dec4000 	/Library/Java/JavaVirtualMachines/jdk1.8.0_91.jdk/Contents/Home/jre/lib/libnet.dylib
0x000000013e07e000 	/Library/Java/JavaVirtualMachines/jdk1.8.0_91.jdk/Contents/Home/jre/lib/libnio.dylib
0x00000001a90cd000 	/Library/Java/JavaVirtualMachines/jdk1.8.0_91.jdk/Contents/Home/jre/lib/libdcpr.dylib
0x0000000137cc3000 	/private/var/folders/0q/4cf1pm9j47n57g1ymskw0mjc0000gn/T/jblas8310389027374831907/libjblas_arch_flavor.dylib
0x00000001aec4d000 	/private/var/folders/0q/4cf1pm9j47n57g1ymskw0mjc0000gn/T/jblas8310389027374831907/libjblas.dylib

VM Arguments:
jvm_args: -agentlib:jdwp=transport=dt_socket,address=127.0.0.1:64951,suspend=y,server=n -javaagent:/Users/hijizhou/Library/Caches/IntelliJIdea2017.3/captureAgent/debugger-agent.jar=/private/var/folders/0q/4cf1pm9j47n57g1ymskw0mjc0000gn/T/capture.props -Dfile.encoding=UTF-8 
java_command: com.hijizhou.imagej.PureLetDeconv2D
java_class_path (initial): /Library/Java/JavaVirtualMachines/jdk1.8.0_91.jdk/Contents/Home/jre/lib/charsets.jar:/Library/Java/JavaVirtualMachines/jdk1.8.0_91.jdk/Contents/Home/jre/lib/deploy.jar:/Library/Java/JavaVirtualMachines/jdk1.8.0_91.jdk/Contents/Home/jre/lib/ext/cldrdata.jar:/Library/Java/JavaVirtualMachines/jdk1.8.0_91.jdk/Contents/Home/jre/lib/ext/dnsns.jar:/Library/Java/JavaVirtualMachines/jdk1.8.0_91.jdk/Contents/Home/jre/lib/ext/jaccess.jar:/Library/Java/JavaVirtualMachines/jdk1.8.0_91.jdk/Contents/Home/jre/lib/ext/jfxrt.jar:/Library/Java/JavaVirtualMachines/jdk1.8.0_91.jdk/Contents/Home/jre/lib/ext/localedata.jar:/Library/Java/JavaVirtualMachines/jdk1.8.0_91.jdk/Contents/Home/jre/lib/ext/nashorn.jar:/Library/Java/JavaVirtualMachines/jdk1.8.0_91.jdk/Contents/Home/jre/lib/ext/sunec.jar:/Library/Java/JavaVirtualMachines/jdk1.8.0_91.jdk/Contents/Home/jre/lib/ext/sunjce_provider.jar:/Library/Java/JavaVirtualMachines/jdk1.8.0_91.jdk/Contents/Home/jre/lib/ext/sunpkcs11.jar:/Library/Java/JavaVirtualMachines/jdk1.8.0_91.jdk/Contents/Home/jre/lib/ext/zipfs.jar:/Library/Java/JavaVirtualMachines/jdk1.8.0_91.jdk/Contents/Home/jre/lib/javaws.jar:/Library/Java/JavaVirtualMachines/jdk1.8.0_91.jdk/Contents/Home/jre/lib/jce.jar:/Library/Java/JavaVirtualMachines/jdk1.8.0_91.jdk/Contents/Home/jre/lib/jfr.jar:/Library/Java/JavaVirtualMachines/jdk1.8.0_91.jdk/Contents/Home/jre/lib/jfxswt.jar:/Library/Java/JavaVirtualMachines/jdk1.8.0_91.jdk/Contents/Home/jre/lib/jsse.jar:/Library/Java/JavaVirtualMachines/jdk1.8.0_91.jdk/Contents/Home/jre/lib/management-agent.jar:/Library/Java/JavaVirtualMachines/jdk1.8.0_91.jdk/Contents/Home/jre/lib/plugin.jar:/Library/Java/JavaVirtualMachines/jdk1.8.0_91.jdk/Contents/Home/jre/lib/resources.jar:/Library/Java/JavaVirtualMachines/jdk1.8.0_91.jdk/Contents/Home/jre/lib/rt.jar:/Library/Java/JavaVirtualMachines/jdk1.8.0_91.jdk/Contents/Home/lib/ant-javafx.jar:/Library/Java/JavaVirtualMachines/jdk1.8.0_91.jdk/Contents/Home/lib/dt.jar:/Library/Ja
Launcher Type: SUN_STANDARD

Environment Variables:
PATH=/usr/local/bin:/usr/bin:/bin:/usr/sbin:/sbin:/Library/TeX/texbin
SHELL=/bin/bash

Signal Handlers:
SIGSEGV: [libjvm.dylib+0x5a97a1], sa_mask[0]=11111111011111110111111111111111, sa_flags=SA_ONSTACK|SA_RESTART|SA_SIGINFO
SIGBUS: [libjvm.dylib+0x5a97a1], sa_mask[0]=11111111011111110111111111111111, sa_flags=SA_RESTART|SA_SIGINFO
SIGFPE: [libjvm.dylib+0x482594], sa_mask[0]=11111111011111110111111111111111, sa_flags=SA_RESTART|SA_SIGINFO
SIGPIPE: [libjvm.dylib+0x482594], sa_mask[0]=11111111011111110111111111111111, sa_flags=SA_RESTART|SA_SIGINFO
SIGXFSZ: [libjvm.dylib+0x482594], sa_mask[0]=11111111011111110111111111111111, sa_flags=SA_RESTART|SA_SIGINFO
SIGILL: [libjvm.dylib+0x482594], sa_mask[0]=11111111011111110111111111111111, sa_flags=SA_RESTART|SA_SIGINFO
SIGUSR1: SIG_DFL, sa_mask[0]=00000000000000000000000000000000, sa_flags=none
SIGUSR2: [libjvm.dylib+0x4820b2], sa_mask[0]=00100000000000000000000000000000, sa_flags=SA_RESTART|SA_SIGINFO
SIGHUP: [libjvm.dylib+0x480689], sa_mask[0]=11111111011111110111111111111111, sa_flags=SA_RESTART|SA_SIGINFO
SIGINT: [libjvm.dylib+0x480689], sa_mask[0]=11111111011111110111111111111111, sa_flags=SA_RESTART|SA_SIGINFO
SIGTERM: [libjvm.dylib+0x480689], sa_mask[0]=11111111011111110111111111111111, sa_flags=SA_RESTART|SA_SIGINFO
SIGQUIT: [libjvm.dylib+0x480689], sa_mask[0]=11111111011111110111111111111111, sa_flags=SA_RESTART|SA_SIGINFO


---------------  S Y S T E M  ---------------

OS:Bsduname:Darwin 17.7.0 Darwin Kernel Version 17.7.0: Fri Jul  6 19:54:51 PDT 2018; root:xnu-4570.71.3~2/RELEASE_X86_64 x86_64
rlimit: STACK 8192k, CORE 0k, NPROC 2837, NOFILE 10240, AS infinity
load average:8.02 4.71 3.54

CPU:total 12 (6 cores per cpu, 2 threads per core) family 6 model 158 stepping 10, cmov, cx8, fxsr, mmx, sse, sse2, sse3, ssse3, sse4.1, sse4.2, popcnt, avx, avx2, aes, clmul, erms, rtm, 3dnowpref, lzcnt, ht, tsc, tscinvbit, bmi1, bmi2, adx

Memory: 4k page, physical 33554432k(4007836k free)

/proc/meminfo:


vm_info: Java HotSpot(TM) 64-Bit Server VM (25.91-b14) for bsd-amd64 JRE (1.8.0_91-b14), built on Apr  1 2016 01:03:00 by "java_re" with gcc 4.2.1 (Based on Apple Inc. build 5658) (LLVM build 2336.11.00)

time: Tue Sep 25 15:44:16 2018
elapsed time: 9 seconds (0d 0h 0m 9s)

